#-----------------------------------------------------------
# Webtalk v2019.1 (64-bit)
# SW Build 2552052 on Fri May 24 14:49:42 MDT 2019
# 
# Start of session at: Thu Dec  5 09:22:09 2019
# Process ID: 44304
# Current directory: C:/Users/nbnb2/OneDrive/5SemADDpro/webtalk
# Command line: wbtcv.exe -mode batch -source sdk_webtalk.tcl
# Log file: C:/Users/nbnb2/OneDrive/5SemADDpro/webtalk/webtalk.log
# Journal file: C:/Users/nbnb2/OneDrive/5SemADDpro/webtalk\webtalk.jou
#-----------------------------------------------------------
source sdk_webtalk.tcl
# webtalk_init -webtalk_dir C:\\Users\\nbnb2\\OneDrive\\5SemADDpro\\webtalk
# webtalk_register_client -client project
# webtalk_add_data -client project -key date_generated -value "2019-12-05 09:22:05" -context "software_version_and_target_device"
# webtalk_add_data -client project -key product_version -value "SDK v2019.1" -context "software_version_and_target_device"
# webtalk_add_data -client project -key build_version -value "2019.1" -context "software_version_and_target_device"
# webtalk_add_data -client project -key os_platform -value "amd64" -context "software_version_and_target_device"
# webtalk_add_data -client project -key registration_id -value "211474473_1777531740_210673930_649" -context "software_version_and_target_device"
# webtalk_add_data -client project -key tool_flow -value "SDK" -context "software_version_and_target_device"
# webtalk_add_data -client project -key beta -value "false" -context "software_version_and_target_device"
# webtalk_add_data -client project -key route_design -value "NA" -context "software_version_and_target_device"
# webtalk_add_data -client project -key target_family -value "NA" -context "software_version_and_target_device"
# webtalk_add_data -client project -key target_device -value "NA" -context "software_version_and_target_device"
# webtalk_add_data -client project -key target_package -value "NA" -context "software_version_and_target_device"
# webtalk_add_data -client project -key target_speed -value "NA" -context "software_version_and_target_device"
# webtalk_add_data -client project -key random_id -value "79930h4vkn94b39io7273gg3kn" -context "software_version_and_target_device"
# webtalk_add_data -client project -key project_id -value "2019.1_18" -context "software_version_and_target_device"
# webtalk_add_data -client project -key project_iteration -value "18" -context "software_version_and_target_device"
# webtalk_add_data -client project -key os_name -value "Microsoft Windows 8 or later , 64-bit" -context "user_environment"
# webtalk_add_data -client project -key os_release -value "major release  (build 9200)" -context "user_environment"
# webtalk_add_data -client project -key cpu_name -value "Intel(R) Core(TM) i7-8750H CPU @ 2.20GHz" -context "user_environment"
# webtalk_add_data -client project -key cpu_speed -value "2208 MHz" -context "user_environment"
# webtalk_add_data -client project -key total_processors -value "1" -context "user_environment"
# webtalk_add_data -client project -key system_ram -value "17.027 GB" -context "user_environment"
# webtalk_register_client -client sdk
# webtalk_add_data -client sdk -key uid -value "1575533736903" -context "sdk\\\\bsp/1575533736903"
# webtalk_add_data -client sdk -key hwid -value "1574409999816" -context "sdk\\\\bsp/1575533736903"
# webtalk_add_data -client sdk -key os -value "standalone" -context "sdk\\\\bsp/1575533736903"
# webtalk_add_data -client sdk -key apptemplate -value "null" -context "sdk\\\\bsp/1575533736903"
# webtalk_add_data -client sdk -key RecordType -value "BSPCreation" -context "sdk\\\\bsp/1575533736903"
# webtalk_add_data -client sdk -key uid -value "NA" -context "sdk\\\\bsp/1575534125021"
# webtalk_add_data -client sdk -key RecordType -value "ToolUsage" -context "sdk\\\\bsp/1575534125021"
# webtalk_add_data -client sdk -key BootgenCount -value "0" -context "sdk\\\\bsp/1575534125021"
# webtalk_add_data -client sdk -key DebugCount -value "0" -context "sdk\\\\bsp/1575534125021"
# webtalk_add_data -client sdk -key PerfCount -value "0" -context "sdk\\\\bsp/1575534125021"
# webtalk_add_data -client sdk -key FlashCount -value "0" -context "sdk\\\\bsp/1575534125021"
# webtalk_add_data -client sdk -key CrossTriggCount -value "0" -context "sdk\\\\bsp/1575534125021"
# webtalk_add_data -client sdk -key QemuDebugCount -value "0" -context "sdk\\\\bsp/1575534125021"
# webtalk_transmit -clientid 3993784722 -regid "211474473_1777531740_210673930_649" -xml C:\\Users\\nbnb2\\OneDrive\\5SemADDpro\\webtalk\\usage_statistics_ext_sdk.xml -html C:\\Users\\nbnb2\\OneDrive\\5SemADDpro\\webtalk\\usage_statistics_ext_sdk.html -wdm C:\\Users\\nbnb2\\OneDrive\\5SemADDpro\\webtalk\\sdk_webtalk.wdm -intro "<H3>SDK Usage Report</H3><BR>"
# webtalk_terminate
INFO: [Common 17-206] Exiting Webtalk at Thu Dec  5 09:22:12 2019...
