#-----------------------------------------------------------
# Webtalk v2019.1 (64-bit)
# SW Build 2552052 on Fri May 24 14:49:42 MDT 2019
# 
# Start of session at: Tue Dec  3 13:55:53 2019
# Process ID: 42964
# Current directory: C:/Users/nbnb2/OneDrive/5SemADDpro/ZynqDesign.sdk/webtalk
# Command line: wbtcv.exe -mode batch -source sdk_webtalk.tcl
# Log file: C:/Users/nbnb2/OneDrive/5SemADDpro/ZynqDesign.sdk/webtalk/webtalk.log
# Journal file: C:/Users/nbnb2/OneDrive/5SemADDpro/ZynqDesign.sdk/webtalk\webtalk.jou
#-----------------------------------------------------------
source sdk_webtalk.tcl
# webtalk_init -webtalk_dir C:\\Users\\nbnb2\\OneDrive\\5SemADDpro\\ZynqDesign.sdk\\webtalk
# webtalk_register_client -client project
# webtalk_add_data -client project -key date_generated -value "2019-12-03 13:55:51" -context "software_version_and_target_device"
# webtalk_add_data -client project -key product_version -value "SDK v2019.1" -context "software_version_and_target_device"
# webtalk_add_data -client project -key build_version -value "2019.1" -context "software_version_and_target_device"
# webtalk_add_data -client project -key os_platform -value "amd64" -context "software_version_and_target_device"
# webtalk_add_data -client project -key registration_id -value "211474473_1777531740_210673930_649" -context "software_version_and_target_device"
# webtalk_add_data -client project -key tool_flow -value "SDK" -context "software_version_and_target_device"
# webtalk_add_data -client project -key beta -value "false" -context "software_version_and_target_device"
# webtalk_add_data -client project -key route_design -value "NA" -context "software_version_and_target_device"
# webtalk_add_data -client project -key target_family -value "NA" -context "software_version_and_target_device"
# webtalk_add_data -client project -key target_device -value "NA" -context "software_version_and_target_device"
# webtalk_add_data -client project -key target_package -value "NA" -context "software_version_and_target_device"
# webtalk_add_data -client project -key target_speed -value "NA" -context "software_version_and_target_device"
# webtalk_add_data -client project -key random_id -value "g6gjdlg6s8oqmhajfp0biopqsb" -context "software_version_and_target_device"
# webtalk_add_data -client project -key project_id -value "2019.1_17" -context "software_version_and_target_device"
# webtalk_add_data -client project -key project_iteration -value "17" -context "software_version_and_target_device"
# webtalk_add_data -client project -key os_name -value "Microsoft Windows 8 or later , 64-bit" -context "user_environment"
# webtalk_add_data -client project -key os_release -value "major release  (build 9200)" -context "user_environment"
# webtalk_add_data -client project -key cpu_name -value "Intel(R) Core(TM) i7-8750H CPU @ 2.20GHz" -context "user_environment"
# webtalk_add_data -client project -key cpu_speed -value "2208 MHz" -context "user_environment"
# webtalk_add_data -client project -key total_processors -value "1" -context "user_environment"
# webtalk_add_data -client project -key system_ram -value "17.027 GB" -context "user_environment"
# webtalk_register_client -client sdk
# webtalk_add_data -client sdk -key uid -value "1575370152390" -context "sdk\\\\bsp/1575370152390"
# webtalk_add_data -client sdk -key hwid -value "1574410828577" -context "sdk\\\\bsp/1575370152390"
# webtalk_add_data -client sdk -key os -value "standalone" -context "sdk\\\\bsp/1575370152390"
# webtalk_add_data -client sdk -key apptemplate -value "null" -context "sdk\\\\bsp/1575370152390"
# webtalk_add_data -client sdk -key RecordType -value "BSPCreation" -context "sdk\\\\bsp/1575370152390"
# webtalk_add_data -client sdk -key uid -value "NA" -context "sdk\\\\bsp/1575377751872"
# webtalk_add_data -client sdk -key RecordType -value "ToolUsage" -context "sdk\\\\bsp/1575377751872"
# webtalk_add_data -client sdk -key BootgenCount -value "0" -context "sdk\\\\bsp/1575377751872"
# webtalk_add_data -client sdk -key DebugCount -value "0" -context "sdk\\\\bsp/1575377751872"
# webtalk_add_data -client sdk -key PerfCount -value "0" -context "sdk\\\\bsp/1575377751872"
# webtalk_add_data -client sdk -key FlashCount -value "0" -context "sdk\\\\bsp/1575377751872"
# webtalk_add_data -client sdk -key CrossTriggCount -value "0" -context "sdk\\\\bsp/1575377751872"
# webtalk_add_data -client sdk -key QemuDebugCount -value "0" -context "sdk\\\\bsp/1575377751872"
# webtalk_transmit -clientid 3637639544 -regid "211474473_1777531740_210673930_649" -xml C:\\Users\\nbnb2\\OneDrive\\5SemADDpro\\ZynqDesign.sdk\\webtalk\\usage_statistics_ext_sdk.xml -html C:\\Users\\nbnb2\\OneDrive\\5SemADDpro\\ZynqDesign.sdk\\webtalk\\usage_statistics_ext_sdk.html -wdm C:\\Users\\nbnb2\\OneDrive\\5SemADDpro\\ZynqDesign.sdk\\webtalk\\sdk_webtalk.wdm -intro "<H3>SDK Usage Report</H3><BR>"
INFO: [Common 17-186] 'C:\Users\nbnb2\OneDrive\5SemADDpro\ZynqDesign.sdk\webtalk\usage_statistics_ext_sdk.xml' has been successfully sent to Xilinx on Tue Dec  3 13:55:59 2019. For additional details about this file, please refer to the WebTalk help file at C:/Xilinx/SDK/2019.1/doc/webtalk_introduction.html.
# webtalk_terminate
INFO: [Common 17-206] Exiting Webtalk at Tue Dec  3 13:55:59 2019...
