08:38:00 INFO  : Registering command handlers for SDK TCF services
08:38:01 INFO  : Launching XSCT server: xsct.bat -interactive C:\Speedway\ZynqHW\2017_4\ZynqDesign\ZynqDesign.sdk\temp_xsdb_launch_script.tcl
08:38:04 INFO  : XSCT server has started successfully.
08:38:07 INFO  : Successfully done setting XSCT server connection channel  
08:38:07 INFO  : Successfully done setting SDK workspace  
08:38:07 INFO  : Processing command line option -hwspec C:/Speedway/ZynqHW/2017_4/ZynqDesign/ZynqDesign.sdk/Z_system_wrapper.hdf.
09:33:29 INFO  : Launching XSCT server: xsct.bat -interactive C:\Speedway\ZynqHW\2017_4\ZynqDesign\ZynqDesign.sdk\temp_xsdb_launch_script.tcl
09:33:32 INFO  : XSCT server has started successfully.
09:33:32 INFO  : Successfully done setting XSCT server connection channel  
09:33:37 INFO  : Successfully done setting SDK workspace  
09:33:44 INFO  : Registering command handlers for SDK TCF services
09:55:52 INFO  : 'targets -set -filter {jtag_cable_name =~ "Xilinx openjtag2 1234-oj1A" && level==0} -index 1' command is executed.
09:55:52 INFO  : 'fpga -state' command is executed.
09:56:01 INFO  : Connected to target on host '127.0.0.1' and port '3121'.
09:56:01 INFO  : Jtag cable 'Xilinx openjtag2 1234-oj1A' is selected.
09:56:01 INFO  : 'jtag frequency' command is executed.
09:56:01 INFO  : Sourcing of 'C:/Speedway/ZynqHW/2017_4/ZynqDesign/ZynqDesign.sdk/Z_system_wrapper_hw_platform_0/ps7_init.tcl' is done.
09:56:01 INFO  : Context for 'APU' is selected.
09:56:01 INFO  : Hardware design information is loaded from 'C:/Speedway/ZynqHW/2017_4/ZynqDesign/ZynqDesign.sdk/Z_system_wrapper_hw_platform_0/system.hdf'.
09:56:01 INFO  : 'configparams force-mem-access 1' command is executed.
09:56:01 INFO  : Context for 'APU' is selected.
09:56:01 INFO  : 'stop' command is executed.
09:56:01 INFO  : 'ps7_init' command is executed.
09:56:01 INFO  : 'ps7_post_config' command is executed.
09:56:02 INFO  : Context for processor 'ps7_cortexa9_0' is selected.
09:56:02 INFO  : Processor reset is completed for 'ps7_cortexa9_0'.
09:56:02 INFO  : Context for processor 'ps7_cortexa9_0' is selected.
09:56:02 INFO  : The application 'C:/Speedway/ZynqHW/2017_4/ZynqDesign/ZynqDesign.sdk/Hello_World/Debug/Hello_World.elf' is downloaded to processor 'ps7_cortexa9_0'.
09:56:02 INFO  : 'configparams force-mem-access 0' command is executed.
09:56:02 INFO  : ----------------XSDB Script----------------
connect -url tcp:127.0.0.1:3121
source C:/Speedway/ZynqHW/2017_4/ZynqDesign/ZynqDesign.sdk/Z_system_wrapper_hw_platform_0/ps7_init.tcl
targets -set -nocase -filter {name =~"APU*" && jtag_cable_name =~ "Xilinx openjtag2 1234-oj1A"} -index 0
loadhw -hw C:/Speedway/ZynqHW/2017_4/ZynqDesign/ZynqDesign.sdk/Z_system_wrapper_hw_platform_0/system.hdf -mem-ranges [list {0x40000000 0xbfffffff}]
configparams force-mem-access 1
targets -set -nocase -filter {name =~"APU*" && jtag_cable_name =~ "Xilinx openjtag2 1234-oj1A"} -index 0
stop
ps7_init
ps7_post_config
targets -set -nocase -filter {name =~ "ARM*#0" && jtag_cable_name =~ "Xilinx openjtag2 1234-oj1A"} -index 0
rst -processor
targets -set -nocase -filter {name =~ "ARM*#0" && jtag_cable_name =~ "Xilinx openjtag2 1234-oj1A"} -index 0
dow C:/Speedway/ZynqHW/2017_4/ZynqDesign/ZynqDesign.sdk/Hello_World/Debug/Hello_World.elf
configparams force-mem-access 0
----------------End of Script----------------

09:56:02 INFO  : Memory regions updated for context APU
09:56:02 INFO  : Context for processor 'ps7_cortexa9_0' is selected.
09:56:02 INFO  : 'con' command is executed.
09:56:02 INFO  : ----------------XSDB Script (After Launch)----------------
targets -set -nocase -filter {name =~ "ARM*#0" && jtag_cable_name =~ "Xilinx openjtag2 1234-oj1A"} -index 0
con
----------------End of Script----------------

09:56:02 INFO  : Launch script is exported to file 'C:\Speedway\ZynqHW\2017_4\ZynqDesign\ZynqDesign.sdk\.sdk\launch_scripts\xilinx_c-c++_application_(system_debugger)\system_debugger_using_debug_hello_world.elf_on_local.tcl'
09:58:07 INFO  : Disconnected from the channel tcfchan#1.
09:58:09 INFO  : 'targets -set -filter {jtag_cable_name =~ "Xilinx openjtag2 1234-oj1A" && level==0} -index 1' command is executed.
09:58:09 INFO  : 'fpga -state' command is executed.
09:58:10 INFO  : Connected to target on host '127.0.0.1' and port '3121'.
09:58:10 INFO  : Jtag cable 'Xilinx openjtag2 1234-oj1A' is selected.
09:58:10 INFO  : 'jtag frequency' command is executed.
09:58:10 INFO  : Sourcing of 'C:/Speedway/ZynqHW/2017_4/ZynqDesign/ZynqDesign.sdk/Z_system_wrapper_hw_platform_0/ps7_init.tcl' is done.
09:58:10 INFO  : Context for 'APU' is selected.
09:58:12 INFO  : Hardware design information is loaded from 'C:/Speedway/ZynqHW/2017_4/ZynqDesign/ZynqDesign.sdk/Z_system_wrapper_hw_platform_0/system.hdf'.
09:58:12 INFO  : 'configparams force-mem-access 1' command is executed.
09:58:12 INFO  : Context for 'APU' is selected.
09:58:12 INFO  : 'stop' command is executed.
09:58:13 INFO  : 'ps7_init' command is executed.
09:58:13 INFO  : 'ps7_post_config' command is executed.
09:58:13 INFO  : Context for processor 'ps7_cortexa9_0' is selected.
09:58:13 INFO  : Processor reset is completed for 'ps7_cortexa9_0'.
09:58:13 INFO  : Context for processor 'ps7_cortexa9_0' is selected.
09:58:13 INFO  : The application 'C:/Speedway/ZynqHW/2017_4/ZynqDesign/ZynqDesign.sdk/Hello_World/Debug/Hello_World.elf' is downloaded to processor 'ps7_cortexa9_0'.
09:58:13 INFO  : 'configparams force-mem-access 0' command is executed.
09:58:13 INFO  : ----------------XSDB Script----------------
connect -url tcp:127.0.0.1:3121
source C:/Speedway/ZynqHW/2017_4/ZynqDesign/ZynqDesign.sdk/Z_system_wrapper_hw_platform_0/ps7_init.tcl
targets -set -nocase -filter {name =~"APU*" && jtag_cable_name =~ "Xilinx openjtag2 1234-oj1A"} -index 0
loadhw -hw C:/Speedway/ZynqHW/2017_4/ZynqDesign/ZynqDesign.sdk/Z_system_wrapper_hw_platform_0/system.hdf -mem-ranges [list {0x40000000 0xbfffffff}]
configparams force-mem-access 1
targets -set -nocase -filter {name =~"APU*" && jtag_cable_name =~ "Xilinx openjtag2 1234-oj1A"} -index 0
stop
ps7_init
ps7_post_config
targets -set -nocase -filter {name =~ "ARM*#0" && jtag_cable_name =~ "Xilinx openjtag2 1234-oj1A"} -index 0
rst -processor
targets -set -nocase -filter {name =~ "ARM*#0" && jtag_cable_name =~ "Xilinx openjtag2 1234-oj1A"} -index 0
dow C:/Speedway/ZynqHW/2017_4/ZynqDesign/ZynqDesign.sdk/Hello_World/Debug/Hello_World.elf
configparams force-mem-access 0
----------------End of Script----------------

09:58:13 INFO  : Memory regions updated for context APU
09:58:13 INFO  : Context for processor 'ps7_cortexa9_0' is selected.
09:58:13 INFO  : 'con' command is executed.
09:58:13 INFO  : ----------------XSDB Script (After Launch)----------------
targets -set -nocase -filter {name =~ "ARM*#0" && jtag_cable_name =~ "Xilinx openjtag2 1234-oj1A"} -index 0
con
----------------End of Script----------------

09:58:13 INFO  : Launch script is exported to file 'C:\Speedway\ZynqHW\2017_4\ZynqDesign\ZynqDesign.sdk\.sdk\launch_scripts\xilinx_c-c++_application_(system_debugger)\system_debugger_using_debug_hello_world.elf_on_local.tcl'
10:19:29 INFO  : Disconnected from the channel tcfchan#2.
09:05:42 INFO  : Launching XSCT server: xsct.bat -interactive C:\Users\nbnb2\OneDrive\5SemADDpro\ZynqDesign.sdk\temp_xsdb_launch_script.tcl
09:05:44 INFO  : XSCT server has started successfully.
09:05:45 INFO  : Successfully done setting XSCT server connection channel  
09:05:45 INFO  : Successfully done setting SDK workspace  
09:05:51 INFO  : Registering command handlers for SDK TCF services
09:05:51 INFO  : Processing command line option -hwspec C:/Users/nbnb2/OneDrive/5SemADDpro/ZynqDesign.sdk/Z_system_wrapper.hdf.
09:20:25 INFO  : Registering command handlers for SDK TCF services
09:20:26 INFO  : Launching XSCT server: xsct.bat -interactive C:\Users\nbnb2\OneDrive\5SemADDpro\ZynqDesign.sdk\temp_xsdb_launch_script.tcl
09:20:28 INFO  : XSCT server has started successfully.
09:20:28 INFO  : Successfully done setting XSCT server connection channel  
09:20:28 INFO  : Successfully done setting SDK workspace  
09:20:28 INFO  : Processing command line option -hwspec C:/Users/nbnb2/OneDrive/5SemADDpro/ZynqDesign.sdk/Z_system_wrapper.hdf.
09:23:56 INFO  : Connected to target on host '127.0.0.1' and port '3121'.
09:23:57 INFO  : 'targets -set -filter {jtag_cable_name =~ "Avnet MiniZed V1 1234-oj1A" && level==0} -index 1' command is executed.
09:23:58 INFO  : FPGA configured successfully with bitstream "C:/Users/nbnb2/OneDrive/5SemADDpro/ZynqDesign.sdk/Z_system_wrapper_hw_platform_0/Z_system_wrapper.bit"
09:24:12 INFO  : 'targets -set -filter {jtag_cable_name =~ "Avnet MiniZed V1 1234-oj1A" && level==0} -index 1' command is executed.
09:24:12 INFO  : 'fpga -state' command is executed.
09:24:12 INFO  : Connected to target on host '127.0.0.1' and port '3121'.
09:24:12 INFO  : Jtag cable 'Avnet MiniZed V1 1234-oj1A' is selected.
09:24:12 INFO  : 'jtag frequency' command is executed.
09:24:12 INFO  : Sourcing of 'C:/Users/nbnb2/OneDrive/5SemADDpro/ZynqDesign.sdk/Z_system_wrapper_hw_platform_0/ps7_init.tcl' is done.
09:24:12 INFO  : Context for 'APU' is selected.
09:24:12 INFO  : Hardware design information is loaded from 'C:/Users/nbnb2/OneDrive/5SemADDpro/ZynqDesign.sdk/Z_system_wrapper_hw_platform_0/system.hdf'.
09:24:12 INFO  : 'configparams force-mem-access 1' command is executed.
09:24:12 INFO  : Context for 'APU' is selected.
09:24:12 INFO  : 'stop' command is executed.
09:24:12 INFO  : 'ps7_init' command is executed.
09:24:12 INFO  : 'ps7_post_config' command is executed.
09:24:12 INFO  : Context for processor 'ps7_cortexa9_0' is selected.
09:24:13 INFO  : Processor reset is completed for 'ps7_cortexa9_0'.
09:24:13 INFO  : Context for processor 'ps7_cortexa9_0' is selected.
09:24:13 INFO  : The application 'C:/Users/nbnb2/OneDrive/5SemADDpro/ZynqDesign.sdk/AXIinterface/Debug/AXIinterface.elf' is downloaded to processor 'ps7_cortexa9_0'.
09:24:13 INFO  : 'configparams force-mem-access 0' command is executed.
09:24:13 INFO  : ----------------XSDB Script----------------
connect -url tcp:127.0.0.1:3121
source C:/Users/nbnb2/OneDrive/5SemADDpro/ZynqDesign.sdk/Z_system_wrapper_hw_platform_0/ps7_init.tcl
targets -set -nocase -filter {name =~"APU*" && jtag_cable_name =~ "Avnet MiniZed V1 1234-oj1A"} -index 0
loadhw -hw C:/Users/nbnb2/OneDrive/5SemADDpro/ZynqDesign.sdk/Z_system_wrapper_hw_platform_0/system.hdf -mem-ranges [list {0x40000000 0xbfffffff}]
configparams force-mem-access 1
targets -set -nocase -filter {name =~"APU*" && jtag_cable_name =~ "Avnet MiniZed V1 1234-oj1A"} -index 0
stop
ps7_init
ps7_post_config
targets -set -nocase -filter {name =~ "ARM*#0" && jtag_cable_name =~ "Avnet MiniZed V1 1234-oj1A"} -index 0
rst -processor
targets -set -nocase -filter {name =~ "ARM*#0" && jtag_cable_name =~ "Avnet MiniZed V1 1234-oj1A"} -index 0
dow C:/Users/nbnb2/OneDrive/5SemADDpro/ZynqDesign.sdk/AXIinterface/Debug/AXIinterface.elf
configparams force-mem-access 0
----------------End of Script----------------

09:24:13 INFO  : Memory regions updated for context APU
09:24:13 INFO  : Context for processor 'ps7_cortexa9_0' is selected.
09:24:13 INFO  : 'con' command is executed.
09:24:13 INFO  : ----------------XSDB Script (After Launch)----------------
targets -set -nocase -filter {name =~ "ARM*#0" && jtag_cable_name =~ "Avnet MiniZed V1 1234-oj1A"} -index 0
con
----------------End of Script----------------

09:24:13 INFO  : Launch script is exported to file 'C:\Users\nbnb2\OneDrive\5SemADDpro\ZynqDesign.sdk\.sdk\launch_scripts\xilinx_c-c++_application_(system_debugger)\system_debugger_using_debug_axiinterface.elf_on_local.tcl'
09:24:51 INFO  : Disconnected from the channel tcfchan#1.
09:24:52 INFO  : 'targets -set -filter {jtag_cable_name =~ "Avnet MiniZed V1 1234-oj1A" && level==0} -index 1' command is executed.
09:24:52 INFO  : 'fpga -state' command is executed.
09:24:52 INFO  : Connected to target on host '127.0.0.1' and port '3121'.
09:24:53 INFO  : Jtag cable 'Avnet MiniZed V1 1234-oj1A' is selected.
09:24:53 INFO  : 'jtag frequency' command is executed.
09:24:53 INFO  : Sourcing of 'C:/Users/nbnb2/OneDrive/5SemADDpro/ZynqDesign.sdk/Z_system_wrapper_hw_platform_0/ps7_init.tcl' is done.
09:24:53 INFO  : Context for 'APU' is selected.
09:24:55 INFO  : Hardware design information is loaded from 'C:/Users/nbnb2/OneDrive/5SemADDpro/ZynqDesign.sdk/Z_system_wrapper_hw_platform_0/system.hdf'.
09:24:55 INFO  : 'configparams force-mem-access 1' command is executed.
09:24:55 INFO  : Context for 'APU' is selected.
09:24:56 INFO  : 'stop' command is executed.
09:24:57 ERROR : Memory read error at 0xF8F00208. Cannot halt processor core, timeout
09:24:57 INFO  : ----------------XSDB Script----------------
connect -url tcp:127.0.0.1:3121
source C:/Users/nbnb2/OneDrive/5SemADDpro/ZynqDesign.sdk/Z_system_wrapper_hw_platform_0/ps7_init.tcl
targets -set -nocase -filter {name =~"APU*" && jtag_cable_name =~ "Avnet MiniZed V1 1234-oj1A"} -index 0
loadhw -hw C:/Users/nbnb2/OneDrive/5SemADDpro/ZynqDesign.sdk/Z_system_wrapper_hw_platform_0/system.hdf -mem-ranges [list {0x40000000 0xbfffffff}]
configparams force-mem-access 1
targets -set -nocase -filter {name =~"APU*" && jtag_cable_name =~ "Avnet MiniZed V1 1234-oj1A"} -index 0
stop
ps7_init
----------------End of Script----------------

09:27:37 INFO  : Connected to target on host '127.0.0.1' and port '3121'.
09:27:37 INFO  : 'targets -set -filter {jtag_cable_name =~ "Avnet MiniZed V1 1234-oj1A" && level==0} -index 1' command is executed.
09:27:39 INFO  : FPGA configured successfully with bitstream "C:/Users/nbnb2/OneDrive/5SemADDpro/ZynqDesign.sdk/Z_system_wrapper_hw_platform_0/Z_system_wrapper.bit"
09:28:06 INFO  : 'targets -set -filter {jtag_cable_name =~ "Avnet MiniZed V1 1234-oj1A" && level==0} -index 1' command is executed.
09:28:06 INFO  : 'fpga -state' command is executed.
09:28:06 INFO  : Connected to target on host '127.0.0.1' and port '3121'.
09:28:06 INFO  : Jtag cable 'Avnet MiniZed V1 1234-oj1A' is selected.
09:28:06 INFO  : 'jtag frequency' command is executed.
09:28:06 INFO  : Sourcing of 'C:/Users/nbnb2/OneDrive/5SemADDpro/ZynqDesign.sdk/Z_system_wrapper_hw_platform_0/ps7_init.tcl' is done.
09:28:06 INFO  : Context for 'APU' is selected.
09:28:06 INFO  : Hardware design information is loaded from 'C:/Users/nbnb2/OneDrive/5SemADDpro/ZynqDesign.sdk/Z_system_wrapper_hw_platform_0/system.hdf'.
09:28:06 INFO  : 'configparams force-mem-access 1' command is executed.
09:28:06 INFO  : Context for 'APU' is selected.
09:28:06 INFO  : 'stop' command is executed.
09:28:07 INFO  : 'ps7_init' command is executed.
09:28:07 INFO  : 'ps7_post_config' command is executed.
09:28:07 INFO  : Context for processor 'ps7_cortexa9_0' is selected.
09:28:07 INFO  : Processor reset is completed for 'ps7_cortexa9_0'.
09:28:07 INFO  : Context for processor 'ps7_cortexa9_0' is selected.
09:28:07 INFO  : The application 'C:/Users/nbnb2/OneDrive/5SemADDpro/ZynqDesign.sdk/axi/Debug/axi.elf' is downloaded to processor 'ps7_cortexa9_0'.
09:28:07 INFO  : 'configparams force-mem-access 0' command is executed.
09:28:07 INFO  : ----------------XSDB Script----------------
connect -url tcp:127.0.0.1:3121
source C:/Users/nbnb2/OneDrive/5SemADDpro/ZynqDesign.sdk/Z_system_wrapper_hw_platform_0/ps7_init.tcl
targets -set -nocase -filter {name =~"APU*" && jtag_cable_name =~ "Avnet MiniZed V1 1234-oj1A"} -index 0
loadhw -hw C:/Users/nbnb2/OneDrive/5SemADDpro/ZynqDesign.sdk/Z_system_wrapper_hw_platform_0/system.hdf -mem-ranges [list {0x40000000 0xbfffffff}]
configparams force-mem-access 1
targets -set -nocase -filter {name =~"APU*" && jtag_cable_name =~ "Avnet MiniZed V1 1234-oj1A"} -index 0
stop
ps7_init
ps7_post_config
targets -set -nocase -filter {name =~ "ARM*#0" && jtag_cable_name =~ "Avnet MiniZed V1 1234-oj1A"} -index 0
rst -processor
targets -set -nocase -filter {name =~ "ARM*#0" && jtag_cable_name =~ "Avnet MiniZed V1 1234-oj1A"} -index 0
dow C:/Users/nbnb2/OneDrive/5SemADDpro/ZynqDesign.sdk/axi/Debug/axi.elf
configparams force-mem-access 0
----------------End of Script----------------

09:28:07 INFO  : Memory regions updated for context APU
09:28:07 INFO  : Context for processor 'ps7_cortexa9_0' is selected.
09:28:07 INFO  : 'con' command is executed.
09:28:07 INFO  : ----------------XSDB Script (After Launch)----------------
targets -set -nocase -filter {name =~ "ARM*#0" && jtag_cable_name =~ "Avnet MiniZed V1 1234-oj1A"} -index 0
con
----------------End of Script----------------

09:28:07 INFO  : Launch script is exported to file 'C:\Users\nbnb2\OneDrive\5SemADDpro\ZynqDesign.sdk\.sdk\launch_scripts\xilinx_c-c++_application_(system_debugger)\system_debugger_using_debug_axi.elf_on_local.tcl'
09:38:14 INFO  : Disconnected from the channel tcfchan#2.
09:38:15 INFO  : 'targets -set -filter {jtag_cable_name =~ "Avnet MiniZed V1 1234-oj1A" && level==0} -index 1' command is executed.
09:38:15 INFO  : 'fpga -state' command is executed.
09:38:15 INFO  : Connected to target on host '127.0.0.1' and port '3121'.
09:38:15 INFO  : Jtag cable 'Avnet MiniZed V1 1234-oj1A' is selected.
09:38:15 INFO  : 'jtag frequency' command is executed.
09:38:15 INFO  : Sourcing of 'C:/Users/nbnb2/OneDrive/5SemADDpro/ZynqDesign.sdk/Z_system_wrapper_hw_platform_0/ps7_init.tcl' is done.
09:38:15 INFO  : Context for 'APU' is selected.
09:38:18 INFO  : Hardware design information is loaded from 'C:/Users/nbnb2/OneDrive/5SemADDpro/ZynqDesign.sdk/Z_system_wrapper_hw_platform_0/system.hdf'.
09:38:18 INFO  : 'configparams force-mem-access 1' command is executed.
09:38:18 INFO  : Context for 'APU' is selected.
09:38:18 INFO  : 'stop' command is executed.
09:38:18 INFO  : 'ps7_init' command is executed.
09:38:18 INFO  : 'ps7_post_config' command is executed.
09:38:18 INFO  : Context for processor 'ps7_cortexa9_0' is selected.
09:38:19 INFO  : Processor reset is completed for 'ps7_cortexa9_0'.
09:38:19 INFO  : Context for processor 'ps7_cortexa9_0' is selected.
09:38:19 INFO  : The application 'C:/Users/nbnb2/OneDrive/5SemADDpro/ZynqDesign.sdk/axi/Debug/axi.elf' is downloaded to processor 'ps7_cortexa9_0'.
09:38:19 INFO  : 'configparams force-mem-access 0' command is executed.
09:38:19 INFO  : ----------------XSDB Script----------------
connect -url tcp:127.0.0.1:3121
source C:/Users/nbnb2/OneDrive/5SemADDpro/ZynqDesign.sdk/Z_system_wrapper_hw_platform_0/ps7_init.tcl
targets -set -nocase -filter {name =~"APU*" && jtag_cable_name =~ "Avnet MiniZed V1 1234-oj1A"} -index 0
loadhw -hw C:/Users/nbnb2/OneDrive/5SemADDpro/ZynqDesign.sdk/Z_system_wrapper_hw_platform_0/system.hdf -mem-ranges [list {0x40000000 0xbfffffff}]
configparams force-mem-access 1
targets -set -nocase -filter {name =~"APU*" && jtag_cable_name =~ "Avnet MiniZed V1 1234-oj1A"} -index 0
stop
ps7_init
ps7_post_config
targets -set -nocase -filter {name =~ "ARM*#0" && jtag_cable_name =~ "Avnet MiniZed V1 1234-oj1A"} -index 0
rst -processor
targets -set -nocase -filter {name =~ "ARM*#0" && jtag_cable_name =~ "Avnet MiniZed V1 1234-oj1A"} -index 0
dow C:/Users/nbnb2/OneDrive/5SemADDpro/ZynqDesign.sdk/axi/Debug/axi.elf
configparams force-mem-access 0
----------------End of Script----------------

09:38:19 INFO  : Memory regions updated for context APU
09:38:19 INFO  : Context for processor 'ps7_cortexa9_0' is selected.
09:38:19 INFO  : 'con' command is executed.
09:38:19 INFO  : ----------------XSDB Script (After Launch)----------------
targets -set -nocase -filter {name =~ "ARM*#0" && jtag_cable_name =~ "Avnet MiniZed V1 1234-oj1A"} -index 0
con
----------------End of Script----------------

09:38:19 INFO  : Launch script is exported to file 'C:\Users\nbnb2\OneDrive\5SemADDpro\ZynqDesign.sdk\.sdk\launch_scripts\xilinx_c-c++_application_(system_debugger)\system_debugger_using_debug_axi.elf_on_local.tcl'
09:42:07 INFO  : Disconnected from the channel tcfchan#3.
09:42:08 INFO  : 'targets -set -filter {jtag_cable_name =~ "Avnet MiniZed V1 1234-oj1A" && level==0} -index 1' command is executed.
09:42:08 INFO  : 'fpga -state' command is executed.
09:42:08 INFO  : Connected to target on host '127.0.0.1' and port '3121'.
09:42:08 INFO  : Jtag cable 'Avnet MiniZed V1 1234-oj1A' is selected.
09:42:08 INFO  : 'jtag frequency' command is executed.
09:42:08 INFO  : Sourcing of 'C:/Users/nbnb2/OneDrive/5SemADDpro/ZynqDesign.sdk/Z_system_wrapper_hw_platform_0/ps7_init.tcl' is done.
09:42:08 INFO  : Context for 'APU' is selected.
09:42:11 INFO  : Hardware design information is loaded from 'C:/Users/nbnb2/OneDrive/5SemADDpro/ZynqDesign.sdk/Z_system_wrapper_hw_platform_0/system.hdf'.
09:42:11 INFO  : 'configparams force-mem-access 1' command is executed.
09:42:11 INFO  : Context for 'APU' is selected.
09:42:11 INFO  : 'stop' command is executed.
09:42:11 INFO  : 'ps7_init' command is executed.
09:42:11 INFO  : 'ps7_post_config' command is executed.
09:42:11 INFO  : Context for processor 'ps7_cortexa9_0' is selected.
09:42:11 INFO  : Processor reset is completed for 'ps7_cortexa9_0'.
09:42:11 INFO  : Context for processor 'ps7_cortexa9_0' is selected.
09:42:12 INFO  : The application 'C:/Users/nbnb2/OneDrive/5SemADDpro/ZynqDesign.sdk/axi/Debug/axi.elf' is downloaded to processor 'ps7_cortexa9_0'.
09:42:12 INFO  : 'configparams force-mem-access 0' command is executed.
09:42:12 INFO  : ----------------XSDB Script----------------
connect -url tcp:127.0.0.1:3121
source C:/Users/nbnb2/OneDrive/5SemADDpro/ZynqDesign.sdk/Z_system_wrapper_hw_platform_0/ps7_init.tcl
targets -set -nocase -filter {name =~"APU*" && jtag_cable_name =~ "Avnet MiniZed V1 1234-oj1A"} -index 0
loadhw -hw C:/Users/nbnb2/OneDrive/5SemADDpro/ZynqDesign.sdk/Z_system_wrapper_hw_platform_0/system.hdf -mem-ranges [list {0x40000000 0xbfffffff}]
configparams force-mem-access 1
targets -set -nocase -filter {name =~"APU*" && jtag_cable_name =~ "Avnet MiniZed V1 1234-oj1A"} -index 0
stop
ps7_init
ps7_post_config
targets -set -nocase -filter {name =~ "ARM*#0" && jtag_cable_name =~ "Avnet MiniZed V1 1234-oj1A"} -index 0
rst -processor
targets -set -nocase -filter {name =~ "ARM*#0" && jtag_cable_name =~ "Avnet MiniZed V1 1234-oj1A"} -index 0
dow C:/Users/nbnb2/OneDrive/5SemADDpro/ZynqDesign.sdk/axi/Debug/axi.elf
configparams force-mem-access 0
----------------End of Script----------------

09:42:12 INFO  : Memory regions updated for context APU
09:42:12 INFO  : Context for processor 'ps7_cortexa9_0' is selected.
09:42:12 INFO  : 'con' command is executed.
09:42:12 INFO  : ----------------XSDB Script (After Launch)----------------
targets -set -nocase -filter {name =~ "ARM*#0" && jtag_cable_name =~ "Avnet MiniZed V1 1234-oj1A"} -index 0
con
----------------End of Script----------------

09:42:12 INFO  : Launch script is exported to file 'C:\Users\nbnb2\OneDrive\5SemADDpro\ZynqDesign.sdk\.sdk\launch_scripts\xilinx_c-c++_application_(system_debugger)\system_debugger_using_debug_axi.elf_on_local.tcl'
09:42:52 INFO  : Disconnected from the channel tcfchan#4.
09:42:53 INFO  : 'targets -set -filter {jtag_cable_name =~ "Avnet MiniZed V1 1234-oj1A" && level==0} -index 1' command is executed.
09:42:53 INFO  : 'fpga -state' command is executed.
09:42:53 INFO  : Connected to target on host '127.0.0.1' and port '3121'.
09:42:53 INFO  : Jtag cable 'Avnet MiniZed V1 1234-oj1A' is selected.
09:42:53 INFO  : 'jtag frequency' command is executed.
09:42:53 INFO  : Sourcing of 'C:/Users/nbnb2/OneDrive/5SemADDpro/ZynqDesign.sdk/Z_system_wrapper_hw_platform_0/ps7_init.tcl' is done.
09:42:53 INFO  : Context for 'APU' is selected.
09:42:56 INFO  : Hardware design information is loaded from 'C:/Users/nbnb2/OneDrive/5SemADDpro/ZynqDesign.sdk/Z_system_wrapper_hw_platform_0/system.hdf'.
09:42:56 INFO  : 'configparams force-mem-access 1' command is executed.
09:42:56 INFO  : Context for 'APU' is selected.
09:42:56 INFO  : 'stop' command is executed.
09:42:56 INFO  : 'ps7_init' command is executed.
09:42:56 INFO  : 'ps7_post_config' command is executed.
09:42:57 INFO  : Context for processor 'ps7_cortexa9_0' is selected.
09:42:57 INFO  : Processor reset is completed for 'ps7_cortexa9_0'.
09:42:57 INFO  : Context for processor 'ps7_cortexa9_0' is selected.
09:42:57 INFO  : The application 'C:/Users/nbnb2/OneDrive/5SemADDpro/ZynqDesign.sdk/axi/Debug/axi.elf' is downloaded to processor 'ps7_cortexa9_0'.
09:42:57 INFO  : 'configparams force-mem-access 0' command is executed.
09:42:57 INFO  : ----------------XSDB Script----------------
connect -url tcp:127.0.0.1:3121
source C:/Users/nbnb2/OneDrive/5SemADDpro/ZynqDesign.sdk/Z_system_wrapper_hw_platform_0/ps7_init.tcl
targets -set -nocase -filter {name =~"APU*" && jtag_cable_name =~ "Avnet MiniZed V1 1234-oj1A"} -index 0
loadhw -hw C:/Users/nbnb2/OneDrive/5SemADDpro/ZynqDesign.sdk/Z_system_wrapper_hw_platform_0/system.hdf -mem-ranges [list {0x40000000 0xbfffffff}]
configparams force-mem-access 1
targets -set -nocase -filter {name =~"APU*" && jtag_cable_name =~ "Avnet MiniZed V1 1234-oj1A"} -index 0
stop
ps7_init
ps7_post_config
targets -set -nocase -filter {name =~ "ARM*#0" && jtag_cable_name =~ "Avnet MiniZed V1 1234-oj1A"} -index 0
rst -processor
targets -set -nocase -filter {name =~ "ARM*#0" && jtag_cable_name =~ "Avnet MiniZed V1 1234-oj1A"} -index 0
dow C:/Users/nbnb2/OneDrive/5SemADDpro/ZynqDesign.sdk/axi/Debug/axi.elf
configparams force-mem-access 0
----------------End of Script----------------

09:42:57 INFO  : Memory regions updated for context APU
09:42:57 INFO  : Context for processor 'ps7_cortexa9_0' is selected.
09:42:57 INFO  : 'con' command is executed.
09:42:57 INFO  : ----------------XSDB Script (After Launch)----------------
targets -set -nocase -filter {name =~ "ARM*#0" && jtag_cable_name =~ "Avnet MiniZed V1 1234-oj1A"} -index 0
con
----------------End of Script----------------

09:42:57 INFO  : Launch script is exported to file 'C:\Users\nbnb2\OneDrive\5SemADDpro\ZynqDesign.sdk\.sdk\launch_scripts\xilinx_c-c++_application_(system_debugger)\system_debugger_using_debug_axi.elf_on_local.tcl'
09:52:18 INFO  : Disconnected from the channel tcfchan#5.
09:52:19 INFO  : 'targets -set -filter {jtag_cable_name =~ "Avnet MiniZed V1 1234-oj1A" && level==0} -index 1' command is executed.
09:52:19 INFO  : 'fpga -state' command is executed.
09:52:19 INFO  : Connected to target on host '127.0.0.1' and port '3121'.
09:52:20 INFO  : Jtag cable 'Avnet MiniZed V1 1234-oj1A' is selected.
09:52:20 INFO  : 'jtag frequency' command is executed.
09:52:20 INFO  : Sourcing of 'C:/Users/nbnb2/OneDrive/5SemADDpro/ZynqDesign.sdk/Z_system_wrapper_hw_platform_0/ps7_init.tcl' is done.
09:52:20 INFO  : Context for 'APU' is selected.
09:52:23 INFO  : Hardware design information is loaded from 'C:/Users/nbnb2/OneDrive/5SemADDpro/ZynqDesign.sdk/Z_system_wrapper_hw_platform_0/system.hdf'.
09:52:23 INFO  : 'configparams force-mem-access 1' command is executed.
09:52:23 INFO  : Context for 'APU' is selected.
09:52:23 INFO  : 'stop' command is executed.
09:52:23 INFO  : 'ps7_init' command is executed.
09:52:23 INFO  : 'ps7_post_config' command is executed.
09:52:23 INFO  : Context for processor 'ps7_cortexa9_0' is selected.
09:52:23 INFO  : Processor reset is completed for 'ps7_cortexa9_0'.
09:52:23 INFO  : Context for processor 'ps7_cortexa9_0' is selected.
09:52:23 INFO  : The application 'C:/Users/nbnb2/OneDrive/5SemADDpro/ZynqDesign.sdk/axi/Debug/axi.elf' is downloaded to processor 'ps7_cortexa9_0'.
09:52:23 INFO  : 'configparams force-mem-access 0' command is executed.
09:52:23 INFO  : ----------------XSDB Script----------------
connect -url tcp:127.0.0.1:3121
source C:/Users/nbnb2/OneDrive/5SemADDpro/ZynqDesign.sdk/Z_system_wrapper_hw_platform_0/ps7_init.tcl
targets -set -nocase -filter {name =~"APU*" && jtag_cable_name =~ "Avnet MiniZed V1 1234-oj1A"} -index 0
loadhw -hw C:/Users/nbnb2/OneDrive/5SemADDpro/ZynqDesign.sdk/Z_system_wrapper_hw_platform_0/system.hdf -mem-ranges [list {0x40000000 0xbfffffff}]
configparams force-mem-access 1
targets -set -nocase -filter {name =~"APU*" && jtag_cable_name =~ "Avnet MiniZed V1 1234-oj1A"} -index 0
stop
ps7_init
ps7_post_config
targets -set -nocase -filter {name =~ "ARM*#0" && jtag_cable_name =~ "Avnet MiniZed V1 1234-oj1A"} -index 0
rst -processor
targets -set -nocase -filter {name =~ "ARM*#0" && jtag_cable_name =~ "Avnet MiniZed V1 1234-oj1A"} -index 0
dow C:/Users/nbnb2/OneDrive/5SemADDpro/ZynqDesign.sdk/axi/Debug/axi.elf
configparams force-mem-access 0
----------------End of Script----------------

09:52:23 INFO  : Memory regions updated for context APU
09:52:23 INFO  : Context for processor 'ps7_cortexa9_0' is selected.
09:52:23 INFO  : 'con' command is executed.
09:52:23 INFO  : ----------------XSDB Script (After Launch)----------------
targets -set -nocase -filter {name =~ "ARM*#0" && jtag_cable_name =~ "Avnet MiniZed V1 1234-oj1A"} -index 0
con
----------------End of Script----------------

09:52:23 INFO  : Launch script is exported to file 'C:\Users\nbnb2\OneDrive\5SemADDpro\ZynqDesign.sdk\.sdk\launch_scripts\xilinx_c-c++_application_(system_debugger)\system_debugger_using_debug_axi.elf_on_local.tcl'
10:12:43 INFO  : Disconnected from the channel tcfchan#6.
10:12:44 INFO  : 'targets -set -filter {jtag_cable_name =~ "Avnet MiniZed V1 1234-oj1A" && level==0} -index 1' command is executed.
10:12:44 INFO  : 'fpga -state' command is executed.
10:12:44 INFO  : Connected to target on host '127.0.0.1' and port '3121'.
10:12:44 INFO  : Jtag cable 'Avnet MiniZed V1 1234-oj1A' is selected.
10:12:44 INFO  : 'jtag frequency' command is executed.
10:12:44 INFO  : Sourcing of 'C:/Users/nbnb2/OneDrive/5SemADDpro/ZynqDesign.sdk/Z_system_wrapper_hw_platform_0/ps7_init.tcl' is done.
10:12:44 INFO  : Context for 'APU' is selected.
10:12:47 INFO  : Hardware design information is loaded from 'C:/Users/nbnb2/OneDrive/5SemADDpro/ZynqDesign.sdk/Z_system_wrapper_hw_platform_0/system.hdf'.
10:12:47 INFO  : 'configparams force-mem-access 1' command is executed.
10:12:47 INFO  : Context for 'APU' is selected.
10:12:47 INFO  : 'stop' command is executed.
10:12:47 INFO  : 'ps7_init' command is executed.
10:12:47 INFO  : 'ps7_post_config' command is executed.
10:12:47 INFO  : Context for processor 'ps7_cortexa9_0' is selected.
10:12:47 INFO  : Processor reset is completed for 'ps7_cortexa9_0'.
10:12:48 INFO  : Context for processor 'ps7_cortexa9_0' is selected.
10:12:48 INFO  : The application 'C:/Users/nbnb2/OneDrive/5SemADDpro/ZynqDesign.sdk/axi/Debug/axi.elf' is downloaded to processor 'ps7_cortexa9_0'.
10:12:48 INFO  : 'configparams force-mem-access 0' command is executed.
10:12:48 INFO  : ----------------XSDB Script----------------
connect -url tcp:127.0.0.1:3121
source C:/Users/nbnb2/OneDrive/5SemADDpro/ZynqDesign.sdk/Z_system_wrapper_hw_platform_0/ps7_init.tcl
targets -set -nocase -filter {name =~"APU*" && jtag_cable_name =~ "Avnet MiniZed V1 1234-oj1A"} -index 0
loadhw -hw C:/Users/nbnb2/OneDrive/5SemADDpro/ZynqDesign.sdk/Z_system_wrapper_hw_platform_0/system.hdf -mem-ranges [list {0x40000000 0xbfffffff}]
configparams force-mem-access 1
targets -set -nocase -filter {name =~"APU*" && jtag_cable_name =~ "Avnet MiniZed V1 1234-oj1A"} -index 0
stop
ps7_init
ps7_post_config
targets -set -nocase -filter {name =~ "ARM*#0" && jtag_cable_name =~ "Avnet MiniZed V1 1234-oj1A"} -index 0
rst -processor
targets -set -nocase -filter {name =~ "ARM*#0" && jtag_cable_name =~ "Avnet MiniZed V1 1234-oj1A"} -index 0
dow C:/Users/nbnb2/OneDrive/5SemADDpro/ZynqDesign.sdk/axi/Debug/axi.elf
configparams force-mem-access 0
----------------End of Script----------------

10:12:48 INFO  : Memory regions updated for context APU
10:12:48 INFO  : Context for processor 'ps7_cortexa9_0' is selected.
10:12:48 INFO  : 'con' command is executed.
10:12:48 INFO  : ----------------XSDB Script (After Launch)----------------
targets -set -nocase -filter {name =~ "ARM*#0" && jtag_cable_name =~ "Avnet MiniZed V1 1234-oj1A"} -index 0
con
----------------End of Script----------------

10:12:48 INFO  : Launch script is exported to file 'C:\Users\nbnb2\OneDrive\5SemADDpro\ZynqDesign.sdk\.sdk\launch_scripts\xilinx_c-c++_application_(system_debugger)\system_debugger_using_debug_axi.elf_on_local.tcl'
10:16:35 INFO  : Disconnected from the channel tcfchan#7.
10:16:36 INFO  : 'targets -set -filter {jtag_cable_name =~ "Avnet MiniZed V1 1234-oj1A" && level==0} -index 1' command is executed.
10:16:36 INFO  : 'fpga -state' command is executed.
10:16:36 INFO  : Connected to target on host '127.0.0.1' and port '3121'.
10:16:37 INFO  : Jtag cable 'Avnet MiniZed V1 1234-oj1A' is selected.
10:16:37 INFO  : 'jtag frequency' command is executed.
10:16:37 INFO  : Sourcing of 'C:/Users/nbnb2/OneDrive/5SemADDpro/ZynqDesign.sdk/Z_system_wrapper_hw_platform_0/ps7_init.tcl' is done.
10:16:37 INFO  : Context for 'APU' is selected.
10:16:40 INFO  : Hardware design information is loaded from 'C:/Users/nbnb2/OneDrive/5SemADDpro/ZynqDesign.sdk/Z_system_wrapper_hw_platform_0/system.hdf'.
10:16:40 INFO  : 'configparams force-mem-access 1' command is executed.
10:16:40 INFO  : Context for 'APU' is selected.
10:16:40 INFO  : 'stop' command is executed.
10:16:40 INFO  : 'ps7_init' command is executed.
10:16:40 INFO  : 'ps7_post_config' command is executed.
10:16:40 INFO  : Context for processor 'ps7_cortexa9_0' is selected.
10:16:40 INFO  : Processor reset is completed for 'ps7_cortexa9_0'.
10:16:40 INFO  : Context for processor 'ps7_cortexa9_0' is selected.
10:16:40 INFO  : The application 'C:/Users/nbnb2/OneDrive/5SemADDpro/ZynqDesign.sdk/axi/Debug/axi.elf' is downloaded to processor 'ps7_cortexa9_0'.
10:16:40 INFO  : 'configparams force-mem-access 0' command is executed.
10:16:40 INFO  : ----------------XSDB Script----------------
connect -url tcp:127.0.0.1:3121
source C:/Users/nbnb2/OneDrive/5SemADDpro/ZynqDesign.sdk/Z_system_wrapper_hw_platform_0/ps7_init.tcl
targets -set -nocase -filter {name =~"APU*" && jtag_cable_name =~ "Avnet MiniZed V1 1234-oj1A"} -index 0
loadhw -hw C:/Users/nbnb2/OneDrive/5SemADDpro/ZynqDesign.sdk/Z_system_wrapper_hw_platform_0/system.hdf -mem-ranges [list {0x40000000 0xbfffffff}]
configparams force-mem-access 1
targets -set -nocase -filter {name =~"APU*" && jtag_cable_name =~ "Avnet MiniZed V1 1234-oj1A"} -index 0
stop
ps7_init
ps7_post_config
targets -set -nocase -filter {name =~ "ARM*#0" && jtag_cable_name =~ "Avnet MiniZed V1 1234-oj1A"} -index 0
rst -processor
targets -set -nocase -filter {name =~ "ARM*#0" && jtag_cable_name =~ "Avnet MiniZed V1 1234-oj1A"} -index 0
dow C:/Users/nbnb2/OneDrive/5SemADDpro/ZynqDesign.sdk/axi/Debug/axi.elf
configparams force-mem-access 0
----------------End of Script----------------

10:16:40 INFO  : Memory regions updated for context APU
10:16:40 INFO  : Context for processor 'ps7_cortexa9_0' is selected.
10:16:40 INFO  : 'con' command is executed.
10:16:40 INFO  : ----------------XSDB Script (After Launch)----------------
targets -set -nocase -filter {name =~ "ARM*#0" && jtag_cable_name =~ "Avnet MiniZed V1 1234-oj1A"} -index 0
con
----------------End of Script----------------

10:16:40 INFO  : Launch script is exported to file 'C:\Users\nbnb2\OneDrive\5SemADDpro\ZynqDesign.sdk\.sdk\launch_scripts\xilinx_c-c++_application_(system_debugger)\system_debugger_using_debug_axi.elf_on_local.tcl'
10:26:23 INFO  : Disconnected from the channel tcfchan#8.
10:26:24 INFO  : 'targets -set -filter {jtag_cable_name =~ "Avnet MiniZed V1 1234-oj1A" && level==0} -index 1' command is executed.
10:26:24 INFO  : 'fpga -state' command is executed.
10:26:24 INFO  : Connected to target on host '127.0.0.1' and port '3121'.
10:26:25 INFO  : Jtag cable 'Avnet MiniZed V1 1234-oj1A' is selected.
10:26:25 INFO  : 'jtag frequency' command is executed.
10:26:25 INFO  : Sourcing of 'C:/Users/nbnb2/OneDrive/5SemADDpro/ZynqDesign.sdk/Z_system_wrapper_hw_platform_0/ps7_init.tcl' is done.
10:26:25 INFO  : Context for 'APU' is selected.
10:26:27 INFO  : Hardware design information is loaded from 'C:/Users/nbnb2/OneDrive/5SemADDpro/ZynqDesign.sdk/Z_system_wrapper_hw_platform_0/system.hdf'.
10:26:27 INFO  : 'configparams force-mem-access 1' command is executed.
10:26:27 INFO  : Context for 'APU' is selected.
10:26:27 INFO  : 'stop' command is executed.
10:26:28 INFO  : 'ps7_init' command is executed.
10:26:28 INFO  : 'ps7_post_config' command is executed.
10:26:28 INFO  : Context for processor 'ps7_cortexa9_0' is selected.
10:26:28 INFO  : Processor reset is completed for 'ps7_cortexa9_0'.
10:26:28 INFO  : Context for processor 'ps7_cortexa9_0' is selected.
10:26:28 INFO  : The application 'C:/Users/nbnb2/OneDrive/5SemADDpro/ZynqDesign.sdk/axi/Debug/axi.elf' is downloaded to processor 'ps7_cortexa9_0'.
10:26:28 INFO  : 'configparams force-mem-access 0' command is executed.
10:26:28 INFO  : ----------------XSDB Script----------------
connect -url tcp:127.0.0.1:3121
source C:/Users/nbnb2/OneDrive/5SemADDpro/ZynqDesign.sdk/Z_system_wrapper_hw_platform_0/ps7_init.tcl
targets -set -nocase -filter {name =~"APU*" && jtag_cable_name =~ "Avnet MiniZed V1 1234-oj1A"} -index 0
loadhw -hw C:/Users/nbnb2/OneDrive/5SemADDpro/ZynqDesign.sdk/Z_system_wrapper_hw_platform_0/system.hdf -mem-ranges [list {0x40000000 0xbfffffff}]
configparams force-mem-access 1
targets -set -nocase -filter {name =~"APU*" && jtag_cable_name =~ "Avnet MiniZed V1 1234-oj1A"} -index 0
stop
ps7_init
ps7_post_config
targets -set -nocase -filter {name =~ "ARM*#0" && jtag_cable_name =~ "Avnet MiniZed V1 1234-oj1A"} -index 0
rst -processor
targets -set -nocase -filter {name =~ "ARM*#0" && jtag_cable_name =~ "Avnet MiniZed V1 1234-oj1A"} -index 0
dow C:/Users/nbnb2/OneDrive/5SemADDpro/ZynqDesign.sdk/axi/Debug/axi.elf
configparams force-mem-access 0
----------------End of Script----------------

10:26:28 INFO  : Memory regions updated for context APU
10:26:28 INFO  : Context for processor 'ps7_cortexa9_0' is selected.
10:26:28 INFO  : 'con' command is executed.
10:26:28 INFO  : ----------------XSDB Script (After Launch)----------------
targets -set -nocase -filter {name =~ "ARM*#0" && jtag_cable_name =~ "Avnet MiniZed V1 1234-oj1A"} -index 0
con
----------------End of Script----------------

10:26:28 INFO  : Launch script is exported to file 'C:\Users\nbnb2\OneDrive\5SemADDpro\ZynqDesign.sdk\.sdk\launch_scripts\xilinx_c-c++_application_(system_debugger)\system_debugger_using_debug_axi.elf_on_local.tcl'
10:37:00 INFO  : Disconnected from the channel tcfchan#9.
10:37:01 INFO  : 'targets -set -filter {jtag_cable_name =~ "Avnet MiniZed V1 1234-oj1A" && level==0} -index 1' command is executed.
10:37:01 INFO  : 'fpga -state' command is executed.
10:37:01 INFO  : Connected to target on host '127.0.0.1' and port '3121'.
10:37:01 INFO  : Jtag cable 'Avnet MiniZed V1 1234-oj1A' is selected.
10:37:01 INFO  : 'jtag frequency' command is executed.
10:37:01 INFO  : Sourcing of 'C:/Users/nbnb2/OneDrive/5SemADDpro/ZynqDesign.sdk/Z_system_wrapper_hw_platform_0/ps7_init.tcl' is done.
10:37:01 INFO  : Context for 'APU' is selected.
10:37:05 INFO  : Hardware design information is loaded from 'C:/Users/nbnb2/OneDrive/5SemADDpro/ZynqDesign.sdk/Z_system_wrapper_hw_platform_0/system.hdf'.
10:37:05 INFO  : 'configparams force-mem-access 1' command is executed.
10:37:05 INFO  : Context for 'APU' is selected.
10:37:05 INFO  : 'stop' command is executed.
10:37:05 INFO  : 'ps7_init' command is executed.
10:37:05 INFO  : 'ps7_post_config' command is executed.
10:37:05 INFO  : Context for processor 'ps7_cortexa9_0' is selected.
10:37:05 INFO  : Processor reset is completed for 'ps7_cortexa9_0'.
10:37:05 INFO  : Context for processor 'ps7_cortexa9_0' is selected.
10:37:05 INFO  : The application 'C:/Users/nbnb2/OneDrive/5SemADDpro/ZynqDesign.sdk/axi/Debug/axi.elf' is downloaded to processor 'ps7_cortexa9_0'.
10:37:05 INFO  : 'configparams force-mem-access 0' command is executed.
10:37:05 INFO  : ----------------XSDB Script----------------
connect -url tcp:127.0.0.1:3121
source C:/Users/nbnb2/OneDrive/5SemADDpro/ZynqDesign.sdk/Z_system_wrapper_hw_platform_0/ps7_init.tcl
targets -set -nocase -filter {name =~"APU*" && jtag_cable_name =~ "Avnet MiniZed V1 1234-oj1A"} -index 0
loadhw -hw C:/Users/nbnb2/OneDrive/5SemADDpro/ZynqDesign.sdk/Z_system_wrapper_hw_platform_0/system.hdf -mem-ranges [list {0x40000000 0xbfffffff}]
configparams force-mem-access 1
targets -set -nocase -filter {name =~"APU*" && jtag_cable_name =~ "Avnet MiniZed V1 1234-oj1A"} -index 0
stop
ps7_init
ps7_post_config
targets -set -nocase -filter {name =~ "ARM*#0" && jtag_cable_name =~ "Avnet MiniZed V1 1234-oj1A"} -index 0
rst -processor
targets -set -nocase -filter {name =~ "ARM*#0" && jtag_cable_name =~ "Avnet MiniZed V1 1234-oj1A"} -index 0
dow C:/Users/nbnb2/OneDrive/5SemADDpro/ZynqDesign.sdk/axi/Debug/axi.elf
configparams force-mem-access 0
----------------End of Script----------------

10:37:05 INFO  : Memory regions updated for context APU
10:37:05 INFO  : Context for processor 'ps7_cortexa9_0' is selected.
10:37:05 INFO  : 'con' command is executed.
10:37:05 INFO  : ----------------XSDB Script (After Launch)----------------
targets -set -nocase -filter {name =~ "ARM*#0" && jtag_cable_name =~ "Avnet MiniZed V1 1234-oj1A"} -index 0
con
----------------End of Script----------------

10:37:05 INFO  : Launch script is exported to file 'C:\Users\nbnb2\OneDrive\5SemADDpro\ZynqDesign.sdk\.sdk\launch_scripts\xilinx_c-c++_application_(system_debugger)\system_debugger_using_debug_axi.elf_on_local.tcl'
10:42:14 INFO  : Disconnected from the channel tcfchan#10.
10:42:15 INFO  : 'targets -set -filter {jtag_cable_name =~ "Avnet MiniZed V1 1234-oj1A" && level==0} -index 1' command is executed.
10:42:15 INFO  : 'fpga -state' command is executed.
10:42:15 INFO  : Connected to target on host '127.0.0.1' and port '3121'.
10:42:15 INFO  : Jtag cable 'Avnet MiniZed V1 1234-oj1A' is selected.
10:42:15 INFO  : 'jtag frequency' command is executed.
10:42:15 INFO  : Sourcing of 'C:/Users/nbnb2/OneDrive/5SemADDpro/ZynqDesign.sdk/Z_system_wrapper_hw_platform_0/ps7_init.tcl' is done.
10:42:15 INFO  : Context for 'APU' is selected.
10:42:18 INFO  : Hardware design information is loaded from 'C:/Users/nbnb2/OneDrive/5SemADDpro/ZynqDesign.sdk/Z_system_wrapper_hw_platform_0/system.hdf'.
10:42:18 INFO  : 'configparams force-mem-access 1' command is executed.
10:42:18 INFO  : Context for 'APU' is selected.
10:42:18 INFO  : 'stop' command is executed.
10:42:18 INFO  : 'ps7_init' command is executed.
10:42:18 INFO  : 'ps7_post_config' command is executed.
10:42:18 INFO  : Context for processor 'ps7_cortexa9_0' is selected.
10:42:18 INFO  : Processor reset is completed for 'ps7_cortexa9_0'.
10:42:18 INFO  : Context for processor 'ps7_cortexa9_0' is selected.
10:42:18 INFO  : The application 'C:/Users/nbnb2/OneDrive/5SemADDpro/ZynqDesign.sdk/axi/Debug/axi.elf' is downloaded to processor 'ps7_cortexa9_0'.
10:42:18 INFO  : 'configparams force-mem-access 0' command is executed.
10:42:18 INFO  : ----------------XSDB Script----------------
connect -url tcp:127.0.0.1:3121
source C:/Users/nbnb2/OneDrive/5SemADDpro/ZynqDesign.sdk/Z_system_wrapper_hw_platform_0/ps7_init.tcl
targets -set -nocase -filter {name =~"APU*" && jtag_cable_name =~ "Avnet MiniZed V1 1234-oj1A"} -index 0
loadhw -hw C:/Users/nbnb2/OneDrive/5SemADDpro/ZynqDesign.sdk/Z_system_wrapper_hw_platform_0/system.hdf -mem-ranges [list {0x40000000 0xbfffffff}]
configparams force-mem-access 1
targets -set -nocase -filter {name =~"APU*" && jtag_cable_name =~ "Avnet MiniZed V1 1234-oj1A"} -index 0
stop
ps7_init
ps7_post_config
targets -set -nocase -filter {name =~ "ARM*#0" && jtag_cable_name =~ "Avnet MiniZed V1 1234-oj1A"} -index 0
rst -processor
targets -set -nocase -filter {name =~ "ARM*#0" && jtag_cable_name =~ "Avnet MiniZed V1 1234-oj1A"} -index 0
dow C:/Users/nbnb2/OneDrive/5SemADDpro/ZynqDesign.sdk/axi/Debug/axi.elf
configparams force-mem-access 0
----------------End of Script----------------

10:42:18 INFO  : Memory regions updated for context APU
10:42:19 INFO  : Context for processor 'ps7_cortexa9_0' is selected.
10:42:19 INFO  : 'con' command is executed.
10:42:19 INFO  : ----------------XSDB Script (After Launch)----------------
targets -set -nocase -filter {name =~ "ARM*#0" && jtag_cable_name =~ "Avnet MiniZed V1 1234-oj1A"} -index 0
con
----------------End of Script----------------

10:42:19 INFO  : Launch script is exported to file 'C:\Users\nbnb2\OneDrive\5SemADDpro\ZynqDesign.sdk\.sdk\launch_scripts\xilinx_c-c++_application_(system_debugger)\system_debugger_using_debug_axi.elf_on_local.tcl'
10:48:05 INFO  : Connected to target on host '127.0.0.1' and port '3121'.
10:48:05 INFO  : 'targets -set -filter {jtag_cable_name =~ "Avnet MiniZed V1 1234-oj1A" && level==0} -index 1' command is executed.
10:48:06 INFO  : FPGA configured successfully with bitstream "C:/Users/nbnb2/OneDrive/5SemADDpro/ZynqDesign.sdk/Z_system_wrapper_hw_platform_0/Z_system_wrapper.bit"
10:48:31 INFO  : Connected to target on host '127.0.0.1' and port '3121'.
10:48:31 INFO  : 'targets -set -filter {jtag_cable_name =~ "Avnet MiniZed V1 1234-oj1A" && level==0} -index 1' command is executed.
10:48:33 INFO  : FPGA configured successfully with bitstream "C:/Users/nbnb2/OneDrive/5SemADDpro/ZynqDesign.sdk/Z_system_wrapper_hw_platform_0/Z_system_wrapper.bit"
10:48:50 INFO  : Disconnected from the channel tcfchan#11.
10:48:51 INFO  : 'targets -set -filter {jtag_cable_name =~ "Avnet MiniZed V1 1234-oj1A" && level==0} -index 1' command is executed.
10:48:51 INFO  : 'fpga -state' command is executed.
10:48:51 INFO  : Connected to target on host '127.0.0.1' and port '3121'.
10:48:52 INFO  : Jtag cable 'Avnet MiniZed V1 1234-oj1A' is selected.
10:48:52 INFO  : 'jtag frequency' command is executed.
10:48:52 INFO  : Sourcing of 'C:/Users/nbnb2/OneDrive/5SemADDpro/ZynqDesign.sdk/Z_system_wrapper_hw_platform_0/ps7_init.tcl' is done.
10:48:52 INFO  : Context for 'APU' is selected.
10:48:55 INFO  : Hardware design information is loaded from 'C:/Users/nbnb2/OneDrive/5SemADDpro/ZynqDesign.sdk/Z_system_wrapper_hw_platform_0/system.hdf'.
10:48:55 INFO  : 'configparams force-mem-access 1' command is executed.
10:48:55 INFO  : Context for 'APU' is selected.
10:48:55 INFO  : 'stop' command is executed.
10:48:55 INFO  : 'ps7_init' command is executed.
10:48:55 INFO  : 'ps7_post_config' command is executed.
10:48:55 INFO  : Context for processor 'ps7_cortexa9_0' is selected.
10:48:55 INFO  : Processor reset is completed for 'ps7_cortexa9_0'.
10:48:55 INFO  : Context for processor 'ps7_cortexa9_0' is selected.
10:48:55 INFO  : The application 'C:/Users/nbnb2/OneDrive/5SemADDpro/ZynqDesign.sdk/axi/Debug/axi.elf' is downloaded to processor 'ps7_cortexa9_0'.
10:48:55 INFO  : 'configparams force-mem-access 0' command is executed.
10:48:55 INFO  : ----------------XSDB Script----------------
connect -url tcp:127.0.0.1:3121
source C:/Users/nbnb2/OneDrive/5SemADDpro/ZynqDesign.sdk/Z_system_wrapper_hw_platform_0/ps7_init.tcl
targets -set -nocase -filter {name =~"APU*" && jtag_cable_name =~ "Avnet MiniZed V1 1234-oj1A"} -index 0
loadhw -hw C:/Users/nbnb2/OneDrive/5SemADDpro/ZynqDesign.sdk/Z_system_wrapper_hw_platform_0/system.hdf -mem-ranges [list {0x40000000 0xbfffffff}]
configparams force-mem-access 1
targets -set -nocase -filter {name =~"APU*" && jtag_cable_name =~ "Avnet MiniZed V1 1234-oj1A"} -index 0
stop
ps7_init
ps7_post_config
targets -set -nocase -filter {name =~ "ARM*#0" && jtag_cable_name =~ "Avnet MiniZed V1 1234-oj1A"} -index 0
rst -processor
targets -set -nocase -filter {name =~ "ARM*#0" && jtag_cable_name =~ "Avnet MiniZed V1 1234-oj1A"} -index 0
dow C:/Users/nbnb2/OneDrive/5SemADDpro/ZynqDesign.sdk/axi/Debug/axi.elf
configparams force-mem-access 0
----------------End of Script----------------

10:48:55 INFO  : Memory regions updated for context APU
10:48:56 INFO  : Context for processor 'ps7_cortexa9_0' is selected.
10:48:56 INFO  : 'con' command is executed.
10:48:56 INFO  : ----------------XSDB Script (After Launch)----------------
targets -set -nocase -filter {name =~ "ARM*#0" && jtag_cable_name =~ "Avnet MiniZed V1 1234-oj1A"} -index 0
con
----------------End of Script----------------

10:48:56 INFO  : Launch script is exported to file 'C:\Users\nbnb2\OneDrive\5SemADDpro\ZynqDesign.sdk\.sdk\launch_scripts\xilinx_c-c++_application_(system_debugger)\system_debugger_using_debug_axi.elf_on_local.tcl'
10:51:53 INFO  : Disconnected from the channel tcfchan#12.
10:51:54 INFO  : 'targets -set -filter {jtag_cable_name =~ "Avnet MiniZed V1 1234-oj1A" && level==0} -index 1' command is executed.
10:51:54 INFO  : 'fpga -state' command is executed.
10:51:54 INFO  : Connected to target on host '127.0.0.1' and port '3121'.
10:51:54 INFO  : Jtag cable 'Avnet MiniZed V1 1234-oj1A' is selected.
10:51:54 INFO  : 'jtag frequency' command is executed.
10:51:54 INFO  : Sourcing of 'C:/Users/nbnb2/OneDrive/5SemADDpro/ZynqDesign.sdk/Z_system_wrapper_hw_platform_0/ps7_init.tcl' is done.
10:51:54 INFO  : Context for 'APU' is selected.
10:51:57 INFO  : Hardware design information is loaded from 'C:/Users/nbnb2/OneDrive/5SemADDpro/ZynqDesign.sdk/Z_system_wrapper_hw_platform_0/system.hdf'.
10:51:57 INFO  : 'configparams force-mem-access 1' command is executed.
10:51:57 INFO  : Context for 'APU' is selected.
10:51:57 INFO  : 'stop' command is executed.
10:51:57 INFO  : 'ps7_init' command is executed.
10:51:57 INFO  : 'ps7_post_config' command is executed.
10:51:57 INFO  : Context for processor 'ps7_cortexa9_0' is selected.
10:51:57 INFO  : Processor reset is completed for 'ps7_cortexa9_0'.
10:51:57 INFO  : Context for processor 'ps7_cortexa9_0' is selected.
10:51:57 INFO  : The application 'C:/Users/nbnb2/OneDrive/5SemADDpro/ZynqDesign.sdk/axi/Debug/axi.elf' is downloaded to processor 'ps7_cortexa9_0'.
10:51:57 INFO  : 'configparams force-mem-access 0' command is executed.
10:51:57 INFO  : ----------------XSDB Script----------------
connect -url tcp:127.0.0.1:3121
source C:/Users/nbnb2/OneDrive/5SemADDpro/ZynqDesign.sdk/Z_system_wrapper_hw_platform_0/ps7_init.tcl
targets -set -nocase -filter {name =~"APU*" && jtag_cable_name =~ "Avnet MiniZed V1 1234-oj1A"} -index 0
loadhw -hw C:/Users/nbnb2/OneDrive/5SemADDpro/ZynqDesign.sdk/Z_system_wrapper_hw_platform_0/system.hdf -mem-ranges [list {0x40000000 0xbfffffff}]
configparams force-mem-access 1
targets -set -nocase -filter {name =~"APU*" && jtag_cable_name =~ "Avnet MiniZed V1 1234-oj1A"} -index 0
stop
ps7_init
ps7_post_config
targets -set -nocase -filter {name =~ "ARM*#0" && jtag_cable_name =~ "Avnet MiniZed V1 1234-oj1A"} -index 0
rst -processor
targets -set -nocase -filter {name =~ "ARM*#0" && jtag_cable_name =~ "Avnet MiniZed V1 1234-oj1A"} -index 0
dow C:/Users/nbnb2/OneDrive/5SemADDpro/ZynqDesign.sdk/axi/Debug/axi.elf
configparams force-mem-access 0
----------------End of Script----------------

10:51:57 INFO  : Memory regions updated for context APU
10:51:57 INFO  : Context for processor 'ps7_cortexa9_0' is selected.
10:51:57 INFO  : 'con' command is executed.
10:51:57 INFO  : ----------------XSDB Script (After Launch)----------------
targets -set -nocase -filter {name =~ "ARM*#0" && jtag_cable_name =~ "Avnet MiniZed V1 1234-oj1A"} -index 0
con
----------------End of Script----------------

10:51:57 INFO  : Launch script is exported to file 'C:\Users\nbnb2\OneDrive\5SemADDpro\ZynqDesign.sdk\.sdk\launch_scripts\xilinx_c-c++_application_(system_debugger)\system_debugger_using_debug_axi.elf_on_local.tcl'
10:53:03 INFO  : Disconnected from the channel tcfchan#13.
10:53:04 INFO  : 'targets -set -filter {jtag_cable_name =~ "Avnet MiniZed V1 1234-oj1A" && level==0} -index 1' command is executed.
10:53:04 INFO  : 'fpga -state' command is executed.
10:53:04 INFO  : Connected to target on host '127.0.0.1' and port '3121'.
10:53:04 INFO  : Jtag cable 'Avnet MiniZed V1 1234-oj1A' is selected.
10:53:04 INFO  : 'jtag frequency' command is executed.
10:53:04 INFO  : Sourcing of 'C:/Users/nbnb2/OneDrive/5SemADDpro/ZynqDesign.sdk/Z_system_wrapper_hw_platform_0/ps7_init.tcl' is done.
10:53:04 INFO  : Context for 'APU' is selected.
10:53:07 INFO  : Hardware design information is loaded from 'C:/Users/nbnb2/OneDrive/5SemADDpro/ZynqDesign.sdk/Z_system_wrapper_hw_platform_0/system.hdf'.
10:53:07 INFO  : 'configparams force-mem-access 1' command is executed.
10:53:07 INFO  : Context for 'APU' is selected.
10:53:07 INFO  : 'stop' command is executed.
10:53:07 INFO  : 'ps7_init' command is executed.
10:53:07 INFO  : 'ps7_post_config' command is executed.
10:53:07 INFO  : Context for processor 'ps7_cortexa9_0' is selected.
10:53:07 INFO  : Processor reset is completed for 'ps7_cortexa9_0'.
10:53:07 INFO  : Context for processor 'ps7_cortexa9_0' is selected.
10:53:08 INFO  : The application 'C:/Users/nbnb2/OneDrive/5SemADDpro/ZynqDesign.sdk/axi/Debug/axi.elf' is downloaded to processor 'ps7_cortexa9_0'.
10:53:08 INFO  : 'configparams force-mem-access 0' command is executed.
10:53:08 INFO  : ----------------XSDB Script----------------
connect -url tcp:127.0.0.1:3121
source C:/Users/nbnb2/OneDrive/5SemADDpro/ZynqDesign.sdk/Z_system_wrapper_hw_platform_0/ps7_init.tcl
targets -set -nocase -filter {name =~"APU*" && jtag_cable_name =~ "Avnet MiniZed V1 1234-oj1A"} -index 0
loadhw -hw C:/Users/nbnb2/OneDrive/5SemADDpro/ZynqDesign.sdk/Z_system_wrapper_hw_platform_0/system.hdf -mem-ranges [list {0x40000000 0xbfffffff}]
configparams force-mem-access 1
targets -set -nocase -filter {name =~"APU*" && jtag_cable_name =~ "Avnet MiniZed V1 1234-oj1A"} -index 0
stop
ps7_init
ps7_post_config
targets -set -nocase -filter {name =~ "ARM*#0" && jtag_cable_name =~ "Avnet MiniZed V1 1234-oj1A"} -index 0
rst -processor
targets -set -nocase -filter {name =~ "ARM*#0" && jtag_cable_name =~ "Avnet MiniZed V1 1234-oj1A"} -index 0
dow C:/Users/nbnb2/OneDrive/5SemADDpro/ZynqDesign.sdk/axi/Debug/axi.elf
configparams force-mem-access 0
----------------End of Script----------------

10:53:08 INFO  : Memory regions updated for context APU
10:53:08 INFO  : Context for processor 'ps7_cortexa9_0' is selected.
10:53:08 INFO  : 'con' command is executed.
10:53:08 INFO  : ----------------XSDB Script (After Launch)----------------
targets -set -nocase -filter {name =~ "ARM*#0" && jtag_cable_name =~ "Avnet MiniZed V1 1234-oj1A"} -index 0
con
----------------End of Script----------------

10:53:08 INFO  : Launch script is exported to file 'C:\Users\nbnb2\OneDrive\5SemADDpro\ZynqDesign.sdk\.sdk\launch_scripts\xilinx_c-c++_application_(system_debugger)\system_debugger_using_debug_axi.elf_on_local.tcl'
10:53:30 INFO  : Disconnected from the channel tcfchan#14.
10:53:31 INFO  : 'targets -set -filter {jtag_cable_name =~ "Avnet MiniZed V1 1234-oj1A" && level==0} -index 1' command is executed.
10:53:31 INFO  : 'fpga -state' command is executed.
10:53:31 INFO  : Connected to target on host '127.0.0.1' and port '3121'.
10:53:31 INFO  : Jtag cable 'Avnet MiniZed V1 1234-oj1A' is selected.
10:53:31 INFO  : 'jtag frequency' command is executed.
10:53:31 INFO  : Sourcing of 'C:/Users/nbnb2/OneDrive/5SemADDpro/ZynqDesign.sdk/Z_system_wrapper_hw_platform_0/ps7_init.tcl' is done.
10:53:31 INFO  : Context for 'APU' is selected.
10:53:34 INFO  : Hardware design information is loaded from 'C:/Users/nbnb2/OneDrive/5SemADDpro/ZynqDesign.sdk/Z_system_wrapper_hw_platform_0/system.hdf'.
10:53:34 INFO  : 'configparams force-mem-access 1' command is executed.
10:53:34 INFO  : Context for 'APU' is selected.
10:53:34 INFO  : 'stop' command is executed.
10:53:34 INFO  : 'ps7_init' command is executed.
10:53:34 INFO  : 'ps7_post_config' command is executed.
10:53:34 INFO  : Context for processor 'ps7_cortexa9_0' is selected.
10:53:34 INFO  : Processor reset is completed for 'ps7_cortexa9_0'.
10:53:34 INFO  : Context for processor 'ps7_cortexa9_0' is selected.
10:53:35 INFO  : The application 'C:/Users/nbnb2/OneDrive/5SemADDpro/ZynqDesign.sdk/axi/Debug/axi.elf' is downloaded to processor 'ps7_cortexa9_0'.
10:53:35 INFO  : 'configparams force-mem-access 0' command is executed.
10:53:35 INFO  : ----------------XSDB Script----------------
connect -url tcp:127.0.0.1:3121
source C:/Users/nbnb2/OneDrive/5SemADDpro/ZynqDesign.sdk/Z_system_wrapper_hw_platform_0/ps7_init.tcl
targets -set -nocase -filter {name =~"APU*" && jtag_cable_name =~ "Avnet MiniZed V1 1234-oj1A"} -index 0
loadhw -hw C:/Users/nbnb2/OneDrive/5SemADDpro/ZynqDesign.sdk/Z_system_wrapper_hw_platform_0/system.hdf -mem-ranges [list {0x40000000 0xbfffffff}]
configparams force-mem-access 1
targets -set -nocase -filter {name =~"APU*" && jtag_cable_name =~ "Avnet MiniZed V1 1234-oj1A"} -index 0
stop
ps7_init
ps7_post_config
targets -set -nocase -filter {name =~ "ARM*#0" && jtag_cable_name =~ "Avnet MiniZed V1 1234-oj1A"} -index 0
rst -processor
targets -set -nocase -filter {name =~ "ARM*#0" && jtag_cable_name =~ "Avnet MiniZed V1 1234-oj1A"} -index 0
dow C:/Users/nbnb2/OneDrive/5SemADDpro/ZynqDesign.sdk/axi/Debug/axi.elf
configparams force-mem-access 0
----------------End of Script----------------

10:53:35 INFO  : Memory regions updated for context APU
10:53:35 INFO  : Context for processor 'ps7_cortexa9_0' is selected.
10:53:35 INFO  : 'con' command is executed.
10:53:35 INFO  : ----------------XSDB Script (After Launch)----------------
targets -set -nocase -filter {name =~ "ARM*#0" && jtag_cable_name =~ "Avnet MiniZed V1 1234-oj1A"} -index 0
con
----------------End of Script----------------

10:53:35 INFO  : Launch script is exported to file 'C:\Users\nbnb2\OneDrive\5SemADDpro\ZynqDesign.sdk\.sdk\launch_scripts\xilinx_c-c++_application_(system_debugger)\system_debugger_using_debug_axi.elf_on_local.tcl'
11:24:55 INFO  : Disconnected from the channel tcfchan#15.
11:03:17 INFO  : Registering command handlers for SDK TCF services
11:03:18 INFO  : Launching XSCT server: xsct.bat -interactive C:\Users\nbnb2\OneDrive\5SemADDpro\ZynqDesign.sdk\temp_xsdb_launch_script.tcl
11:03:21 INFO  : XSCT server has started successfully.
11:03:22 INFO  : Successfully done setting XSCT server connection channel  
11:03:22 INFO  : Successfully done setting SDK workspace  
11:03:22 INFO  : Processing command line option -hwspec C:/Users/nbnb2/OneDrive/5SemADDpro/ZynqDesign.sdk/Z_system_wrapper.hdf.
11:03:22 INFO  : Checking for hwspec changes in the project Z_system_wrapper_hw_platform_0.
11:03:27 INFO  : SDK has detected change in the last modified timestamps for source hardware specification file Source:1575365858543,  Project:1574409758223
11:03:27 INFO  : The hardware specification for project 'Z_system_wrapper_hw_platform_0' is different from C:/Users/nbnb2/OneDrive/5SemADDpro/ZynqDesign.sdk/Z_system_wrapper.hdf.
11:03:27 INFO  : Copied contents of C:/Users/nbnb2/OneDrive/5SemADDpro/ZynqDesign.sdk/Z_system_wrapper.hdf into \Z_system_wrapper_hw_platform_0\system.hdf.
11:03:33 INFO  : Synchronizing projects in the workspace with the hardware platform specification changes.
11:03:36 INFO  : 
11:03:36 INFO  : Updating hardware inferred compiler options for axi.
11:03:36 INFO  : Clearing existing target manager status.
11:04:15 INFO  : Refreshed build settings on project axi
11:05:31 INFO  : Connected to target on host '127.0.0.1' and port '3121'.
11:05:33 INFO  : 'targets -set -filter {jtag_cable_name =~ "Avnet MiniZed V1 1234-oj1A" && level==0} -index 1' command is executed.
11:05:34 INFO  : FPGA configured successfully with bitstream "C:/Users/nbnb2/OneDrive/5SemADDpro/ZynqDesign.sdk/Z_system_wrapper_hw_platform_0/Z_system_wrapper.bit"
11:06:15 INFO  : 'targets -set -filter {jtag_cable_name =~ "Avnet MiniZed V1 1234-oj1A" && level==0} -index 1' command is executed.
11:06:15 INFO  : 'fpga -state' command is executed.
11:06:15 INFO  : Connected to target on host '127.0.0.1' and port '3121'.
11:06:16 INFO  : Jtag cable 'Avnet MiniZed V1 1234-oj1A' is selected.
11:06:16 INFO  : 'jtag frequency' command is executed.
11:06:16 INFO  : Sourcing of 'C:/Users/nbnb2/OneDrive/5SemADDpro/ZynqDesign.sdk/Z_system_wrapper_hw_platform_0/ps7_init.tcl' is done.
11:06:16 INFO  : Context for 'APU' is selected.
11:06:16 INFO  : Hardware design information is loaded from 'C:/Users/nbnb2/OneDrive/5SemADDpro/ZynqDesign.sdk/Z_system_wrapper_hw_platform_0/system.hdf'.
11:06:16 INFO  : 'configparams force-mem-access 1' command is executed.
11:06:16 INFO  : Context for 'APU' is selected.
11:06:16 INFO  : 'stop' command is executed.
11:06:16 INFO  : 'ps7_init' command is executed.
11:06:16 INFO  : 'ps7_post_config' command is executed.
11:06:16 INFO  : Context for processor 'ps7_cortexa9_0' is selected.
11:06:16 INFO  : Processor reset is completed for 'ps7_cortexa9_0'.
11:06:16 INFO  : Context for processor 'ps7_cortexa9_0' is selected.
11:06:16 INFO  : The application 'C:/Users/nbnb2/OneDrive/5SemADDpro/ZynqDesign.sdk/axi/Debug/axi.elf' is downloaded to processor 'ps7_cortexa9_0'.
11:06:16 INFO  : 'configparams force-mem-access 0' command is executed.
11:06:16 INFO  : ----------------XSDB Script----------------
connect -url tcp:127.0.0.1:3121
source C:/Users/nbnb2/OneDrive/5SemADDpro/ZynqDesign.sdk/Z_system_wrapper_hw_platform_0/ps7_init.tcl
targets -set -nocase -filter {name =~"APU*" && jtag_cable_name =~ "Avnet MiniZed V1 1234-oj1A"} -index 0
loadhw -hw C:/Users/nbnb2/OneDrive/5SemADDpro/ZynqDesign.sdk/Z_system_wrapper_hw_platform_0/system.hdf -mem-ranges [list {0x40000000 0xbfffffff}]
configparams force-mem-access 1
targets -set -nocase -filter {name =~"APU*" && jtag_cable_name =~ "Avnet MiniZed V1 1234-oj1A"} -index 0
stop
ps7_init
ps7_post_config
targets -set -nocase -filter {name =~ "ARM*#0" && jtag_cable_name =~ "Avnet MiniZed V1 1234-oj1A"} -index 0
rst -processor
targets -set -nocase -filter {name =~ "ARM*#0" && jtag_cable_name =~ "Avnet MiniZed V1 1234-oj1A"} -index 0
dow C:/Users/nbnb2/OneDrive/5SemADDpro/ZynqDesign.sdk/axi/Debug/axi.elf
configparams force-mem-access 0
----------------End of Script----------------

11:06:16 INFO  : Memory regions updated for context APU
11:06:16 INFO  : Context for processor 'ps7_cortexa9_0' is selected.
11:06:16 INFO  : 'con' command is executed.
11:06:16 INFO  : ----------------XSDB Script (After Launch)----------------
targets -set -nocase -filter {name =~ "ARM*#0" && jtag_cable_name =~ "Avnet MiniZed V1 1234-oj1A"} -index 0
con
----------------End of Script----------------

11:06:16 INFO  : Launch script is exported to file 'C:\Users\nbnb2\OneDrive\5SemADDpro\ZynqDesign.sdk\.sdk\launch_scripts\xilinx_c-c++_application_(system_debugger)\system_debugger_using_debug_axi.elf_on_local.tcl'
11:40:02 INFO  : Disconnected from the channel tcfchan#1.
11:48:24 INFO  : Registering command handlers for SDK TCF services
11:48:25 INFO  : Launching XSCT server: xsct.bat -interactive C:\Users\nbnb2\OneDrive\5SemADDpro\ZynqDesign.sdk\temp_xsdb_launch_script.tcl
11:48:28 INFO  : XSCT server has started successfully.
11:48:28 INFO  : Successfully done setting XSCT server connection channel  
11:48:28 INFO  : Successfully done setting SDK workspace  
11:48:28 INFO  : Processing command line option -hwspec C:/Users/nbnb2/OneDrive/5SemADDpro/ZynqDesign.sdk/Z_system_wrapper.hdf.
11:48:28 INFO  : Checking for hwspec changes in the project Z_system_wrapper_hw_platform_0.
11:48:33 INFO  : SDK has detected change in the last modified timestamps for source hardware specification file Source:1575370057186,  Project:1575365858543
11:48:33 INFO  : The hardware specification for project 'Z_system_wrapper_hw_platform_0' is different from C:/Users/nbnb2/OneDrive/5SemADDpro/ZynqDesign.sdk/Z_system_wrapper.hdf.
11:48:33 INFO  : Copied contents of C:/Users/nbnb2/OneDrive/5SemADDpro/ZynqDesign.sdk/Z_system_wrapper.hdf into \Z_system_wrapper_hw_platform_0\system.hdf.
11:48:39 INFO  : Synchronizing projects in the workspace with the hardware platform specification changes.
11:48:39 INFO  : Clearing existing target manager status.
11:48:39 INFO  : Workspace synchronized with the new hardware specification file. Cleaning dependent projects...
11:48:39 WARN  : Linker script will not be updated automatically. Users need to update it manually.
11:50:25 INFO  : Connected to target on host '127.0.0.1' and port '3121'.
11:50:26 INFO  : 'targets -set -filter {jtag_cable_name =~ "Avnet MiniZed V1 1234-oj1A" && level==0} -index 1' command is executed.
11:50:27 INFO  : FPGA configured successfully with bitstream "C:/Users/nbnb2/OneDrive/5SemADDpro/ZynqDesign.sdk/Z_system_wrapper_hw_platform_0/Z_system_wrapper.bit"
17:23:18 INFO  : Registering command handlers for SDK TCF services
17:23:19 INFO  : Launching XSCT server: xsct.bat -interactive C:\Users\nbnb2\OneDrive\5SemADDpro\ZynqDesign.sdk\temp_xsdb_launch_script.tcl
17:23:26 INFO  : XSCT server has started successfully.
17:23:26 INFO  : Successfully done setting XSCT server connection channel  
17:23:27 INFO  : Successfully done setting SDK workspace  
17:23:27 INFO  : Processing command line option -hwspec C:/Users/nbnb2/OneDrive/5SemADDpro/ZynqDesign.sdk/Z_system_wrapper.hdf.
17:23:27 INFO  : Checking for hwspec changes in the project Z_system_wrapper_hw_platform_0.
09:24:59 INFO  : Registering command handlers for SDK TCF services
09:25:01 INFO  : Launching XSCT server: xsct.bat -interactive C:\Users\nbnb2\OneDrive\5SemADDpro\ZynqDesign.sdk\temp_xsdb_launch_script.tcl
09:25:06 INFO  : XSCT server has started successfully.
09:25:06 INFO  : Successfully done setting XSCT server connection channel  
09:25:07 INFO  : Successfully done setting SDK workspace  
09:25:07 INFO  : Processing command line option -hwspec C:/Users/nbnb2/OneDrive/5SemADDpro/ZynqDesign.sdk/Z_system_wrapper.hdf.
