09:06:30 INFO  : Registering command handlers for SDK TCF services
09:06:31 INFO  : Launching XSCT server: xsct.bat -interactive C:\Users\nbnb2\OneDrive\5SemADDpro\temp_xsdb_launch_script.tcl
09:06:33 INFO  : XSCT server has started successfully.
09:06:34 INFO  : Successfully done setting XSCT server connection channel  
09:06:34 INFO  : Successfully done setting SDK workspace  
09:06:34 INFO  : Processing command line option -hwspec C:/Users/nbnb2/OneDrive/5SemADDpro/ZynqDesign.sdk/Z_system_wrapper.hdf.
09:11:30 INFO  : Connected to target on host '127.0.0.1' and port '3121'.
09:11:31 INFO  : 'targets -set -filter {jtag_cable_name =~ "Avnet MiniZed V1 1234-oj1A" && level==0} -index 1' command is executed.
09:11:33 INFO  : FPGA configured successfully with bitstream "C:/Users/nbnb2/OneDrive/5SemADDpro/Z_system_wrapper_hw_platform_0/Z_system_wrapper.bit"
09:12:05 INFO  : 'targets -set -filter {jtag_cable_name =~ "Avnet MiniZed V1 1234-oj1A" && level==0} -index 1' command is executed.
09:12:05 INFO  : 'fpga -state' command is executed.
09:12:05 INFO  : Connected to target on host '127.0.0.1' and port '3121'.
09:12:05 INFO  : Jtag cable 'Avnet MiniZed V1 1234-oj1A' is selected.
09:12:05 INFO  : 'jtag frequency' command is executed.
09:12:05 INFO  : Sourcing of 'C:/Users/nbnb2/OneDrive/5SemADDpro/Z_system_wrapper_hw_platform_0/ps7_init.tcl' is done.
09:12:05 INFO  : Context for 'APU' is selected.
09:12:05 INFO  : Hardware design information is loaded from 'C:/Users/nbnb2/OneDrive/5SemADDpro/Z_system_wrapper_hw_platform_0/system.hdf'.
09:12:05 INFO  : 'configparams force-mem-access 1' command is executed.
09:12:05 INFO  : Context for 'APU' is selected.
09:12:05 INFO  : 'stop' command is executed.
09:12:06 INFO  : 'ps7_init' command is executed.
09:12:06 INFO  : 'ps7_post_config' command is executed.
09:12:06 INFO  : Context for processor 'ps7_cortexa9_0' is selected.
09:12:06 INFO  : Processor reset is completed for 'ps7_cortexa9_0'.
09:12:06 INFO  : Context for processor 'ps7_cortexa9_0' is selected.
09:12:06 INFO  : The application 'C:/Users/nbnb2/OneDrive/5SemADDpro/testAXI/Debug/testAXI.elf' is downloaded to processor 'ps7_cortexa9_0'.
09:12:06 INFO  : 'configparams force-mem-access 0' command is executed.
09:12:06 INFO  : ----------------XSDB Script----------------
connect -url tcp:127.0.0.1:3121
source C:/Users/nbnb2/OneDrive/5SemADDpro/Z_system_wrapper_hw_platform_0/ps7_init.tcl
targets -set -nocase -filter {name =~"APU*" && jtag_cable_name =~ "Avnet MiniZed V1 1234-oj1A"} -index 0
loadhw -hw C:/Users/nbnb2/OneDrive/5SemADDpro/Z_system_wrapper_hw_platform_0/system.hdf -mem-ranges [list {0x40000000 0xbfffffff}]
configparams force-mem-access 1
targets -set -nocase -filter {name =~"APU*" && jtag_cable_name =~ "Avnet MiniZed V1 1234-oj1A"} -index 0
stop
ps7_init
ps7_post_config
targets -set -nocase -filter {name =~ "ARM*#0" && jtag_cable_name =~ "Avnet MiniZed V1 1234-oj1A"} -index 0
rst -processor
targets -set -nocase -filter {name =~ "ARM*#0" && jtag_cable_name =~ "Avnet MiniZed V1 1234-oj1A"} -index 0
dow C:/Users/nbnb2/OneDrive/5SemADDpro/testAXI/Debug/testAXI.elf
configparams force-mem-access 0
----------------End of Script----------------

09:12:06 INFO  : Memory regions updated for context APU
09:12:06 INFO  : Context for processor 'ps7_cortexa9_0' is selected.
09:12:06 INFO  : 'con' command is executed.
09:12:06 INFO  : ----------------XSDB Script (After Launch)----------------
targets -set -nocase -filter {name =~ "ARM*#0" && jtag_cable_name =~ "Avnet MiniZed V1 1234-oj1A"} -index 0
con
----------------End of Script----------------

09:12:06 INFO  : Launch script is exported to file 'C:\Users\nbnb2\OneDrive\5SemADDpro\.sdk\launch_scripts\xilinx_c-c++_application_(system_debugger)\system_debugger_using_debug_testaxi.elf_on_local.tcl'
09:12:20 INFO  : Disconnected from the channel tcfchan#1.
09:12:21 INFO  : 'targets -set -filter {jtag_cable_name =~ "Avnet MiniZed V1 1234-oj1A" && level==0} -index 1' command is executed.
09:12:21 INFO  : 'fpga -state' command is executed.
09:12:21 INFO  : Connected to target on host '127.0.0.1' and port '3121'.
09:12:21 INFO  : Jtag cable 'Avnet MiniZed V1 1234-oj1A' is selected.
09:12:21 INFO  : 'jtag frequency' command is executed.
09:12:21 INFO  : Sourcing of 'C:/Users/nbnb2/OneDrive/5SemADDpro/Z_system_wrapper_hw_platform_0/ps7_init.tcl' is done.
09:12:21 INFO  : Context for 'APU' is selected.
09:12:24 INFO  : Hardware design information is loaded from 'C:/Users/nbnb2/OneDrive/5SemADDpro/Z_system_wrapper_hw_platform_0/system.hdf'.
09:12:24 INFO  : 'configparams force-mem-access 1' command is executed.
09:12:24 INFO  : Context for 'APU' is selected.
09:12:24 INFO  : 'stop' command is executed.
09:12:25 INFO  : 'ps7_init' command is executed.
09:12:25 INFO  : 'targets -set -filter {jtag_cable_name =~ "Avnet MiniZed V1 1234-oj1A" && level==0} -index 1' command is executed.
09:12:25 ERROR : Context does not support memory read. Unsupported command
09:12:25 INFO  : ----------------XSDB Script----------------
connect -url tcp:127.0.0.1:3121
source C:/Users/nbnb2/OneDrive/5SemADDpro/Z_system_wrapper_hw_platform_0/ps7_init.tcl
targets -set -nocase -filter {name =~"APU*" && jtag_cable_name =~ "Avnet MiniZed V1 1234-oj1A"} -index 0
loadhw -hw C:/Users/nbnb2/OneDrive/5SemADDpro/Z_system_wrapper_hw_platform_0/system.hdf -mem-ranges [list {0x40000000 0xbfffffff}]
configparams force-mem-access 1
targets -set -nocase -filter {name =~"APU*" && jtag_cable_name =~ "Avnet MiniZed V1 1234-oj1A"} -index 0
stop
ps7_init
ps7_post_config
----------------End of Script----------------

09:12:25 INFO  : 'fpga -state' command is executed.
09:12:25 INFO  : Connected to target on host '127.0.0.1' and port '3121'.
09:12:25 INFO  : Jtag cable 'Avnet MiniZed V1 1234-oj1A' is selected.
09:12:25 INFO  : 'jtag frequency' command is executed.
09:12:25 INFO  : Sourcing of 'C:/Users/nbnb2/OneDrive/5SemADDpro/Z_system_wrapper_hw_platform_0/ps7_init.tcl' is done.
09:12:25 INFO  : Context for 'APU' is selected.
09:12:25 INFO  : Hardware design information is loaded from 'C:/Users/nbnb2/OneDrive/5SemADDpro/Z_system_wrapper_hw_platform_0/system.hdf'.
09:12:25 INFO  : 'configparams force-mem-access 1' command is executed.
09:12:25 INFO  : Context for 'APU' is selected.
09:12:25 INFO  : 'stop' command is executed.
09:12:25 INFO  : 'ps7_init' command is executed.
09:12:25 INFO  : 'ps7_post_config' command is executed.
09:12:26 INFO  : Context for processor 'ps7_cortexa9_0' is selected.
09:12:26 INFO  : Processor reset is completed for 'ps7_cortexa9_0'.
09:12:26 INFO  : Context for processor 'ps7_cortexa9_0' is selected.
09:12:26 INFO  : The application 'C:/Users/nbnb2/OneDrive/5SemADDpro/testAXI/Debug/testAXI.elf' is downloaded to processor 'ps7_cortexa9_0'.
09:12:26 INFO  : 'configparams force-mem-access 0' command is executed.
09:12:26 INFO  : ----------------XSDB Script----------------
connect -url tcp:127.0.0.1:3121
source C:/Users/nbnb2/OneDrive/5SemADDpro/Z_system_wrapper_hw_platform_0/ps7_init.tcl
targets -set -nocase -filter {name =~"APU*" && jtag_cable_name =~ "Avnet MiniZed V1 1234-oj1A"} -index 0
loadhw -hw C:/Users/nbnb2/OneDrive/5SemADDpro/Z_system_wrapper_hw_platform_0/system.hdf -mem-ranges [list {0x40000000 0xbfffffff}]
configparams force-mem-access 1
targets -set -nocase -filter {name =~"APU*" && jtag_cable_name =~ "Avnet MiniZed V1 1234-oj1A"} -index 0
stop
ps7_init
ps7_post_config
targets -set -nocase -filter {name =~ "ARM*#0" && jtag_cable_name =~ "Avnet MiniZed V1 1234-oj1A"} -index 0
rst -processor
targets -set -nocase -filter {name =~ "ARM*#0" && jtag_cable_name =~ "Avnet MiniZed V1 1234-oj1A"} -index 0
dow C:/Users/nbnb2/OneDrive/5SemADDpro/testAXI/Debug/testAXI.elf
configparams force-mem-access 0
----------------End of Script----------------

09:12:26 INFO  : Memory regions updated for context APU
09:12:26 INFO  : Context for processor 'ps7_cortexa9_0' is selected.
09:12:26 INFO  : 'con' command is executed.
09:12:26 INFO  : ----------------XSDB Script (After Launch)----------------
targets -set -nocase -filter {name =~ "ARM*#0" && jtag_cable_name =~ "Avnet MiniZed V1 1234-oj1A"} -index 0
con
----------------End of Script----------------

09:12:26 INFO  : Launch script is exported to file 'C:\Users\nbnb2\OneDrive\5SemADDpro\.sdk\launch_scripts\xilinx_c-c++_application_(system_debugger)\system_debugger_using_debug_testaxi.elf_on_local.tcl'
09:17:39 INFO  : Disconnected from the channel tcfchan#2.
09:17:40 INFO  : 'targets -set -filter {jtag_cable_name =~ "Avnet MiniZed V1 1234-oj1A" && level==0} -index 1' command is executed.
09:17:40 INFO  : 'fpga -state' command is executed.
09:17:40 INFO  : Connected to target on host '127.0.0.1' and port '3121'.
09:17:40 INFO  : Jtag cable 'Avnet MiniZed V1 1234-oj1A' is selected.
09:17:40 INFO  : 'jtag frequency' command is executed.
09:17:40 INFO  : Sourcing of 'C:/Users/nbnb2/OneDrive/5SemADDpro/Z_system_wrapper_hw_platform_0/ps7_init.tcl' is done.
09:17:40 INFO  : Context for 'APU' is selected.
09:17:43 INFO  : Hardware design information is loaded from 'C:/Users/nbnb2/OneDrive/5SemADDpro/Z_system_wrapper_hw_platform_0/system.hdf'.
09:17:43 INFO  : 'configparams force-mem-access 1' command is executed.
09:17:43 INFO  : Context for 'APU' is selected.
09:17:43 INFO  : 'stop' command is executed.
09:17:44 INFO  : 'ps7_init' command is executed.
09:17:44 INFO  : 'ps7_post_config' command is executed.
09:17:44 INFO  : Context for processor 'ps7_cortexa9_0' is selected.
09:17:44 INFO  : Processor reset is completed for 'ps7_cortexa9_0'.
09:17:44 INFO  : Context for processor 'ps7_cortexa9_0' is selected.
09:17:44 INFO  : The application 'C:/Users/nbnb2/OneDrive/5SemADDpro/testAXI/Debug/testAXI.elf' is downloaded to processor 'ps7_cortexa9_0'.
09:17:44 INFO  : 'configparams force-mem-access 0' command is executed.
09:17:44 INFO  : ----------------XSDB Script----------------
connect -url tcp:127.0.0.1:3121
source C:/Users/nbnb2/OneDrive/5SemADDpro/Z_system_wrapper_hw_platform_0/ps7_init.tcl
targets -set -nocase -filter {name =~"APU*" && jtag_cable_name =~ "Avnet MiniZed V1 1234-oj1A"} -index 0
loadhw -hw C:/Users/nbnb2/OneDrive/5SemADDpro/Z_system_wrapper_hw_platform_0/system.hdf -mem-ranges [list {0x40000000 0xbfffffff}]
configparams force-mem-access 1
targets -set -nocase -filter {name =~"APU*" && jtag_cable_name =~ "Avnet MiniZed V1 1234-oj1A"} -index 0
stop
ps7_init
ps7_post_config
targets -set -nocase -filter {name =~ "ARM*#0" && jtag_cable_name =~ "Avnet MiniZed V1 1234-oj1A"} -index 0
rst -processor
targets -set -nocase -filter {name =~ "ARM*#0" && jtag_cable_name =~ "Avnet MiniZed V1 1234-oj1A"} -index 0
dow C:/Users/nbnb2/OneDrive/5SemADDpro/testAXI/Debug/testAXI.elf
configparams force-mem-access 0
----------------End of Script----------------

09:17:44 INFO  : Memory regions updated for context APU
09:17:44 INFO  : Context for processor 'ps7_cortexa9_0' is selected.
09:17:44 INFO  : 'con' command is executed.
09:17:44 INFO  : ----------------XSDB Script (After Launch)----------------
targets -set -nocase -filter {name =~ "ARM*#0" && jtag_cable_name =~ "Avnet MiniZed V1 1234-oj1A"} -index 0
con
----------------End of Script----------------

09:17:44 INFO  : Launch script is exported to file 'C:\Users\nbnb2\OneDrive\5SemADDpro\.sdk\launch_scripts\xilinx_c-c++_application_(system_debugger)\system_debugger_using_debug_testaxi.elf_on_local.tcl'
09:20:07 INFO  : Disconnected from the channel tcfchan#3.
09:14:10 INFO  : Registering command handlers for SDK TCF services
09:14:12 INFO  : Launching XSCT server: xsct.bat -interactive C:\Users\nbnb2\OneDrive\5SemADDpro\temp_xsdb_launch_script.tcl
09:14:17 INFO  : XSCT server has started successfully.
09:14:17 INFO  : Successfully done setting XSCT server connection channel  
09:14:19 INFO  : Successfully done setting SDK workspace  
09:14:37 INFO  : SDK has detected change in the last modified timestamps for source hardware specification file Source:1575370057186,  Project:1574409758223
09:14:37 INFO  : Project Z_system_wrapper_hw_platform_0's source hardware specification located at C:/Users/nbnb2/OneDrive/5SemADDpro/ZynqDesign.sdk/Z_system_wrapper.hdf is now different from the local copy.
		 The local copy will be replaced with the source specification and your workspace will be updated.
09:14:40 INFO  : Copied contents of C:/Users/nbnb2/OneDrive/5SemADDpro/ZynqDesign.sdk/Z_system_wrapper.hdf into \Z_system_wrapper_hw_platform_0\system.hdf.
09:14:55 INFO  : Synchronizing projects in the workspace with the hardware platform specification changes.
09:14:56 INFO  : Clearing existing target manager status.
09:14:56 INFO  : Workspace synchronized with the new hardware specification file. Cleaning dependent projects...
09:14:56 WARN  : Linker script will not be updated automatically. Users need to update it manually.
10:22:20 INFO  : Launching XSCT server: xsct.bat -interactive C:\Users\nbnb2\OneDrive\5SemADDpro\temp_xsdb_launch_script.tcl
10:22:26 INFO  : XSCT server has started successfully.
10:22:26 INFO  : Successfully done setting XSCT server connection channel  
10:22:27 INFO  : Successfully done setting SDK workspace  
10:22:30 INFO  : Registering command handlers for SDK TCF services
10:22:30 INFO  : Processing command line option -hwspec C:/Users/nbnb2/OneDrive/5SemADDpro/Z_system_wrapper.hdf.
08:50:26 INFO  : 'targets -set -filter {jtag_cable_name =~ "Avnet MiniZed V1 1234-oj1A" && level==0} -index 1' command is executed.
08:50:26 INFO  : 'fpga -state' command is executed.
08:50:28 INFO  : Connected to target on host '127.0.0.1' and port '3121'.
08:50:28 INFO  : Jtag cable 'Avnet MiniZed V1 1234-oj1A' is selected.
08:50:29 INFO  : 'jtag frequency' command is executed.
08:50:29 INFO  : Sourcing of 'C:/Users/nbnb2/OneDrive/5SemADDpro/Z_system_wrapper_hw_platform_1/ps7_init.tcl' is done.
08:50:29 INFO  : Context for 'APU' is selected.
08:50:29 INFO  : Hardware design information is loaded from 'C:/Users/nbnb2/OneDrive/5SemADDpro/Z_system_wrapper_hw_platform_1/system.hdf'.
08:50:29 INFO  : 'configparams force-mem-access 1' command is executed.
08:50:29 INFO  : Context for 'APU' is selected.
08:50:29 INFO  : 'stop' command is executed.
08:50:29 INFO  : 'ps7_init' command is executed.
08:50:29 INFO  : 'ps7_post_config' command is executed.
08:50:29 INFO  : Context for processor 'ps7_cortexa9_0' is selected.
08:50:29 INFO  : Processor reset is completed for 'ps7_cortexa9_0'.
08:50:29 INFO  : Context for processor 'ps7_cortexa9_0' is selected.
08:50:30 INFO  : The application 'C:/Users/nbnb2/OneDrive/5SemADDpro/AXI-NY/Debug/AXI-NY.elf' is downloaded to processor 'ps7_cortexa9_0'.
08:50:30 INFO  : 'configparams force-mem-access 0' command is executed.
08:50:30 INFO  : ----------------XSDB Script----------------
connect -url tcp:127.0.0.1:3121
source C:/Users/nbnb2/OneDrive/5SemADDpro/Z_system_wrapper_hw_platform_1/ps7_init.tcl
targets -set -nocase -filter {name =~"APU*" && jtag_cable_name =~ "Avnet MiniZed V1 1234-oj1A"} -index 0
loadhw -hw C:/Users/nbnb2/OneDrive/5SemADDpro/Z_system_wrapper_hw_platform_1/system.hdf -mem-ranges [list {0x40000000 0xbfffffff}]
configparams force-mem-access 1
targets -set -nocase -filter {name =~"APU*" && jtag_cable_name =~ "Avnet MiniZed V1 1234-oj1A"} -index 0
stop
ps7_init
ps7_post_config
targets -set -nocase -filter {name =~ "ARM*#0" && jtag_cable_name =~ "Avnet MiniZed V1 1234-oj1A"} -index 0
rst -processor
targets -set -nocase -filter {name =~ "ARM*#0" && jtag_cable_name =~ "Avnet MiniZed V1 1234-oj1A"} -index 0
dow C:/Users/nbnb2/OneDrive/5SemADDpro/AXI-NY/Debug/AXI-NY.elf
configparams force-mem-access 0
----------------End of Script----------------

08:50:30 INFO  : Memory regions updated for context APU
08:50:30 INFO  : Context for processor 'ps7_cortexa9_0' is selected.
08:50:30 INFO  : 'con' command is executed.
08:50:30 INFO  : ----------------XSDB Script (After Launch)----------------
targets -set -nocase -filter {name =~ "ARM*#0" && jtag_cable_name =~ "Avnet MiniZed V1 1234-oj1A"} -index 0
con
----------------End of Script----------------

08:50:30 INFO  : Connected to target on host '127.0.0.1' and port '3121'.
08:50:30 INFO  : Launch script is exported to file 'C:\Users\nbnb2\OneDrive\5SemADDpro\.sdk\launch_scripts\xilinx_c-c++_application_(system_debugger)\system_debugger_using_debug_axi-ny.elf_on_local.tcl'
08:50:30 INFO  : 'targets -set -filter {jtag_cable_name =~ "Avnet MiniZed V1 1234-oj1A" && level==0} -index 1' command is executed.
08:50:32 INFO  : FPGA configured successfully with bitstream "C:/Users/nbnb2/OneDrive/5SemADDpro/Z_system_wrapper_hw_platform_1/Z_system_wrapper.bit"
09:40:29 INFO  : Connected to target on host '127.0.0.1' and port '3121'.
09:40:29 INFO  : 'targets -set -filter {jtag_cable_name =~ "Avnet MiniZed V1 1234-oj1A" && level==0} -index 1' command is executed.
09:40:30 INFO  : FPGA configured successfully with bitstream "C:/Users/nbnb2/OneDrive/5SemADDpro/Z_system_wrapper_hw_platform_1/Z_system_wrapper.bit"
09:40:45 INFO  : Disconnected from the channel tcfchan#1.
09:40:46 INFO  : 'targets -set -filter {jtag_cable_name =~ "Avnet MiniZed V1 1234-oj1A" && level==0} -index 1' command is executed.
09:40:46 INFO  : 'fpga -state' command is executed.
09:40:46 INFO  : Connected to target on host '127.0.0.1' and port '3121'.
09:40:46 INFO  : Jtag cable 'Avnet MiniZed V1 1234-oj1A' is selected.
09:40:46 INFO  : 'jtag frequency' command is executed.
09:40:46 INFO  : Sourcing of 'C:/Users/nbnb2/OneDrive/5SemADDpro/Z_system_wrapper_hw_platform_1/ps7_init.tcl' is done.
09:40:46 INFO  : Context for 'APU' is selected.
09:40:50 INFO  : Hardware design information is loaded from 'C:/Users/nbnb2/OneDrive/5SemADDpro/Z_system_wrapper_hw_platform_1/system.hdf'.
09:40:50 INFO  : 'configparams force-mem-access 1' command is executed.
09:40:50 INFO  : Context for 'APU' is selected.
09:40:50 INFO  : 'stop' command is executed.
09:40:50 INFO  : 'ps7_init' command is executed.
09:40:50 INFO  : 'ps7_post_config' command is executed.
09:40:50 INFO  : Context for processor 'ps7_cortexa9_0' is selected.
09:40:50 INFO  : Processor reset is completed for 'ps7_cortexa9_0'.
09:40:50 INFO  : Context for processor 'ps7_cortexa9_0' is selected.
09:40:50 INFO  : The application 'C:/Users/nbnb2/OneDrive/5SemADDpro/AXI-NY/Debug/AXI-NY.elf' is downloaded to processor 'ps7_cortexa9_0'.
09:40:50 INFO  : 'configparams force-mem-access 0' command is executed.
09:40:50 INFO  : ----------------XSDB Script----------------
connect -url tcp:127.0.0.1:3121
source C:/Users/nbnb2/OneDrive/5SemADDpro/Z_system_wrapper_hw_platform_1/ps7_init.tcl
targets -set -nocase -filter {name =~"APU*" && jtag_cable_name =~ "Avnet MiniZed V1 1234-oj1A"} -index 0
loadhw -hw C:/Users/nbnb2/OneDrive/5SemADDpro/Z_system_wrapper_hw_platform_1/system.hdf -mem-ranges [list {0x40000000 0xbfffffff}]
configparams force-mem-access 1
targets -set -nocase -filter {name =~"APU*" && jtag_cable_name =~ "Avnet MiniZed V1 1234-oj1A"} -index 0
stop
ps7_init
ps7_post_config
targets -set -nocase -filter {name =~ "ARM*#0" && jtag_cable_name =~ "Avnet MiniZed V1 1234-oj1A"} -index 0
rst -processor
targets -set -nocase -filter {name =~ "ARM*#0" && jtag_cable_name =~ "Avnet MiniZed V1 1234-oj1A"} -index 0
dow C:/Users/nbnb2/OneDrive/5SemADDpro/AXI-NY/Debug/AXI-NY.elf
configparams force-mem-access 0
----------------End of Script----------------

09:40:50 INFO  : Memory regions updated for context APU
09:40:50 INFO  : Context for processor 'ps7_cortexa9_0' is selected.
09:40:51 INFO  : 'con' command is executed.
09:40:51 INFO  : ----------------XSDB Script (After Launch)----------------
targets -set -nocase -filter {name =~ "ARM*#0" && jtag_cable_name =~ "Avnet MiniZed V1 1234-oj1A"} -index 0
con
----------------End of Script----------------

09:40:51 INFO  : Launch script is exported to file 'C:\Users\nbnb2\OneDrive\5SemADDpro\.sdk\launch_scripts\xilinx_c-c++_application_(system_debugger)\system_debugger_using_debug_axi-ny.elf_on_local.tcl'
09:41:23 INFO  : Connected to target on host '127.0.0.1' and port '3121'.
09:41:23 INFO  : 'targets -set -filter {jtag_cable_name =~ "Avnet MiniZed V1 1234-oj1A" && level==0} -index 1' command is executed.
09:41:24 INFO  : FPGA configured successfully with bitstream "C:/Users/nbnb2/OneDrive/5SemADDpro/Z_system_wrapper_hw_platform_1/Z_system_wrapper.bit"
09:41:43 INFO  : Disconnected from the channel tcfchan#2.
09:41:44 INFO  : 'targets -set -filter {jtag_cable_name =~ "Avnet MiniZed V1 1234-oj1A" && level==0} -index 1' command is executed.
09:41:44 INFO  : 'fpga -state' command is executed.
09:41:44 INFO  : Connected to target on host '127.0.0.1' and port '3121'.
09:41:44 INFO  : Jtag cable 'Avnet MiniZed V1 1234-oj1A' is selected.
09:41:44 INFO  : 'jtag frequency' command is executed.
09:41:44 INFO  : Sourcing of 'C:/Users/nbnb2/OneDrive/5SemADDpro/Z_system_wrapper_hw_platform_1/ps7_init.tcl' is done.
09:41:44 INFO  : Context for 'APU' is selected.
09:41:47 INFO  : Hardware design information is loaded from 'C:/Users/nbnb2/OneDrive/5SemADDpro/Z_system_wrapper_hw_platform_1/system.hdf'.
09:41:47 INFO  : 'configparams force-mem-access 1' command is executed.
09:41:47 INFO  : Context for 'APU' is selected.
09:41:47 INFO  : 'stop' command is executed.
09:41:48 INFO  : 'ps7_init' command is executed.
09:41:48 INFO  : 'ps7_post_config' command is executed.
09:41:48 INFO  : Context for processor 'ps7_cortexa9_0' is selected.
09:41:48 INFO  : Processor reset is completed for 'ps7_cortexa9_0'.
09:41:48 INFO  : Context for processor 'ps7_cortexa9_0' is selected.
09:41:48 INFO  : The application 'C:/Users/nbnb2/OneDrive/5SemADDpro/AXI-NY/Debug/AXI-NY.elf' is downloaded to processor 'ps7_cortexa9_0'.
09:41:48 INFO  : 'configparams force-mem-access 0' command is executed.
09:41:48 INFO  : ----------------XSDB Script----------------
connect -url tcp:127.0.0.1:3121
source C:/Users/nbnb2/OneDrive/5SemADDpro/Z_system_wrapper_hw_platform_1/ps7_init.tcl
targets -set -nocase -filter {name =~"APU*" && jtag_cable_name =~ "Avnet MiniZed V1 1234-oj1A"} -index 0
loadhw -hw C:/Users/nbnb2/OneDrive/5SemADDpro/Z_system_wrapper_hw_platform_1/system.hdf -mem-ranges [list {0x40000000 0xbfffffff}]
configparams force-mem-access 1
targets -set -nocase -filter {name =~"APU*" && jtag_cable_name =~ "Avnet MiniZed V1 1234-oj1A"} -index 0
stop
ps7_init
ps7_post_config
targets -set -nocase -filter {name =~ "ARM*#0" && jtag_cable_name =~ "Avnet MiniZed V1 1234-oj1A"} -index 0
rst -processor
targets -set -nocase -filter {name =~ "ARM*#0" && jtag_cable_name =~ "Avnet MiniZed V1 1234-oj1A"} -index 0
dow C:/Users/nbnb2/OneDrive/5SemADDpro/AXI-NY/Debug/AXI-NY.elf
configparams force-mem-access 0
----------------End of Script----------------

09:41:48 INFO  : Memory regions updated for context APU
09:41:48 INFO  : Context for processor 'ps7_cortexa9_0' is selected.
09:41:48 INFO  : 'con' command is executed.
09:41:48 INFO  : ----------------XSDB Script (After Launch)----------------
targets -set -nocase -filter {name =~ "ARM*#0" && jtag_cable_name =~ "Avnet MiniZed V1 1234-oj1A"} -index 0
con
----------------End of Script----------------

09:41:48 INFO  : Launch script is exported to file 'C:\Users\nbnb2\OneDrive\5SemADDpro\.sdk\launch_scripts\xilinx_c-c++_application_(system_debugger)\system_debugger_using_debug_axi-ny.elf_on_local.tcl'
11:14:23 INFO  : Disconnected from the channel tcfchan#3.
14:18:50 INFO  : Registering command handlers for SDK TCF services
14:18:51 INFO  : Launching XSCT server: xsct.bat -interactive C:\Users\nbnb2\OneDrive\5SemADDpro\temp_xsdb_launch_script.tcl
14:18:53 INFO  : XSCT server has started successfully.
14:18:53 INFO  : Successfully done setting XSCT server connection channel  
14:18:53 INFO  : Successfully done setting SDK workspace  
09:12:24 INFO  : Registering command handlers for SDK TCF services
09:12:25 INFO  : Launching XSCT server: xsct.bat -interactive C:\Users\nbnb2\OneDrive\5SemADDpro\temp_xsdb_launch_script.tcl
09:12:28 INFO  : XSCT server has started successfully.
09:12:29 INFO  : Successfully done setting XSCT server connection channel  
09:12:29 INFO  : Successfully done setting SDK workspace  
09:14:11 INFO  : Connected to target on host '127.0.0.1' and port '3121'.
09:14:13 INFO  : 'targets -set -filter {jtag_cable_name =~ "Avnet MiniZed V1 1234-oj1A" && level==0} -index 1' command is executed.
09:14:14 INFO  : FPGA configured successfully with bitstream "C:/Users/nbnb2/OneDrive/5SemADDpro/Z_system_wrapper_hw_platform_1/Z_system_wrapper.bit"
09:14:26 INFO  : 'targets -set -filter {jtag_cable_name =~ "Avnet MiniZed V1 1234-oj1A" && level==0} -index 1' command is executed.
09:14:26 INFO  : 'fpga -state' command is executed.
09:14:26 INFO  : Connected to target on host '127.0.0.1' and port '3121'.
09:14:26 INFO  : Jtag cable 'Avnet MiniZed V1 1234-oj1A' is selected.
09:14:26 INFO  : 'jtag frequency' command is executed.
09:14:26 INFO  : Sourcing of 'C:/Users/nbnb2/OneDrive/5SemADDpro/Z_system_wrapper_hw_platform_1/ps7_init.tcl' is done.
09:14:26 INFO  : Context for 'APU' is selected.
09:14:26 INFO  : Hardware design information is loaded from 'C:/Users/nbnb2/OneDrive/5SemADDpro/Z_system_wrapper_hw_platform_1/system.hdf'.
09:14:26 INFO  : 'configparams force-mem-access 1' command is executed.
09:14:26 INFO  : Context for 'APU' is selected.
09:14:26 INFO  : 'stop' command is executed.
09:14:27 INFO  : 'ps7_init' command is executed.
09:14:27 INFO  : 'ps7_post_config' command is executed.
09:14:27 INFO  : Context for processor 'ps7_cortexa9_0' is selected.
09:14:27 INFO  : Processor reset is completed for 'ps7_cortexa9_0'.
09:14:27 INFO  : Context for processor 'ps7_cortexa9_0' is selected.
09:14:27 INFO  : The application 'C:/Users/nbnb2/OneDrive/5SemADDpro/AXI-NY/Debug/AXI-NY.elf' is downloaded to processor 'ps7_cortexa9_0'.
09:14:27 INFO  : 'configparams force-mem-access 0' command is executed.
09:14:27 INFO  : ----------------XSDB Script----------------
connect -url tcp:127.0.0.1:3121
source C:/Users/nbnb2/OneDrive/5SemADDpro/Z_system_wrapper_hw_platform_1/ps7_init.tcl
targets -set -nocase -filter {name =~"APU*" && jtag_cable_name =~ "Avnet MiniZed V1 1234-oj1A"} -index 0
loadhw -hw C:/Users/nbnb2/OneDrive/5SemADDpro/Z_system_wrapper_hw_platform_1/system.hdf -mem-ranges [list {0x40000000 0xbfffffff}]
configparams force-mem-access 1
targets -set -nocase -filter {name =~"APU*" && jtag_cable_name =~ "Avnet MiniZed V1 1234-oj1A"} -index 0
stop
ps7_init
ps7_post_config
targets -set -nocase -filter {name =~ "ARM*#0" && jtag_cable_name =~ "Avnet MiniZed V1 1234-oj1A"} -index 0
rst -processor
targets -set -nocase -filter {name =~ "ARM*#0" && jtag_cable_name =~ "Avnet MiniZed V1 1234-oj1A"} -index 0
dow C:/Users/nbnb2/OneDrive/5SemADDpro/AXI-NY/Debug/AXI-NY.elf
configparams force-mem-access 0
----------------End of Script----------------

09:14:27 INFO  : Memory regions updated for context APU
09:14:27 INFO  : Context for processor 'ps7_cortexa9_0' is selected.
09:14:27 INFO  : 'con' command is executed.
09:14:27 INFO  : ----------------XSDB Script (After Launch)----------------
targets -set -nocase -filter {name =~ "ARM*#0" && jtag_cable_name =~ "Avnet MiniZed V1 1234-oj1A"} -index 0
con
----------------End of Script----------------

09:14:27 INFO  : Launch script is exported to file 'C:\Users\nbnb2\OneDrive\5SemADDpro\.sdk\launch_scripts\xilinx_c-c++_application_(system_debugger)\system_debugger_using_debug_axi-ny.elf_on_local.tcl'
09:14:45 INFO  : Disconnected from the channel tcfchan#1.
09:14:46 INFO  : 'targets -set -filter {jtag_cable_name =~ "Avnet MiniZed V1 1234-oj1A" && level==0} -index 1' command is executed.
09:14:46 INFO  : 'fpga -state' command is executed.
09:14:47 INFO  : Connected to target on host '127.0.0.1' and port '3121'.
09:14:47 INFO  : Jtag cable 'Avnet MiniZed V1 1234-oj1A' is selected.
09:14:47 INFO  : 'jtag frequency' command is executed.
09:14:47 INFO  : Sourcing of 'C:/Users/nbnb2/OneDrive/5SemADDpro/Z_system_wrapper_hw_platform_1/ps7_init.tcl' is done.
09:14:47 INFO  : Context for 'APU' is selected.
09:14:51 INFO  : Hardware design information is loaded from 'C:/Users/nbnb2/OneDrive/5SemADDpro/Z_system_wrapper_hw_platform_1/system.hdf'.
09:14:51 INFO  : 'configparams force-mem-access 1' command is executed.
09:14:52 INFO  : Context for 'APU' is selected.
09:14:52 INFO  : 'stop' command is executed.
09:14:52 INFO  : 'ps7_init' command is executed.
09:14:52 INFO  : 'ps7_post_config' command is executed.
09:14:52 INFO  : Context for processor 'ps7_cortexa9_0' is selected.
09:14:52 INFO  : Processor reset is completed for 'ps7_cortexa9_0'.
09:14:52 INFO  : Context for processor 'ps7_cortexa9_0' is selected.
09:14:52 INFO  : The application 'C:/Users/nbnb2/OneDrive/5SemADDpro/AXI-NY/Debug/AXI-NY.elf' is downloaded to processor 'ps7_cortexa9_0'.
09:14:52 INFO  : 'configparams force-mem-access 0' command is executed.
09:14:52 INFO  : ----------------XSDB Script----------------
connect -url tcp:127.0.0.1:3121
source C:/Users/nbnb2/OneDrive/5SemADDpro/Z_system_wrapper_hw_platform_1/ps7_init.tcl
targets -set -nocase -filter {name =~"APU*" && jtag_cable_name =~ "Avnet MiniZed V1 1234-oj1A"} -index 0
loadhw -hw C:/Users/nbnb2/OneDrive/5SemADDpro/Z_system_wrapper_hw_platform_1/system.hdf -mem-ranges [list {0x40000000 0xbfffffff}]
configparams force-mem-access 1
targets -set -nocase -filter {name =~"APU*" && jtag_cable_name =~ "Avnet MiniZed V1 1234-oj1A"} -index 0
stop
ps7_init
ps7_post_config
targets -set -nocase -filter {name =~ "ARM*#0" && jtag_cable_name =~ "Avnet MiniZed V1 1234-oj1A"} -index 0
rst -processor
targets -set -nocase -filter {name =~ "ARM*#0" && jtag_cable_name =~ "Avnet MiniZed V1 1234-oj1A"} -index 0
dow C:/Users/nbnb2/OneDrive/5SemADDpro/AXI-NY/Debug/AXI-NY.elf
configparams force-mem-access 0
----------------End of Script----------------

09:14:52 INFO  : Memory regions updated for context APU
09:14:53 INFO  : Context for processor 'ps7_cortexa9_0' is selected.
09:14:53 INFO  : 'con' command is executed.
09:14:53 INFO  : ----------------XSDB Script (After Launch)----------------
targets -set -nocase -filter {name =~ "ARM*#0" && jtag_cable_name =~ "Avnet MiniZed V1 1234-oj1A"} -index 0
con
----------------End of Script----------------

09:14:53 INFO  : Launch script is exported to file 'C:\Users\nbnb2\OneDrive\5SemADDpro\.sdk\launch_scripts\xilinx_c-c++_application_(system_debugger)\system_debugger_using_debug_axi-ny.elf_on_local.tcl'
09:19:37 INFO  : Disconnected from the channel tcfchan#2.
08:49:52 INFO  : Registering command handlers for SDK TCF services
08:49:52 INFO  : Launching XSCT server: xsct.bat -interactive C:\Users\nbnb2\OneDrive\5SemADDpro\temp_xsdb_launch_script.tcl
08:49:56 INFO  : XSCT server has started successfully.
08:49:56 INFO  : Successfully done setting XSCT server connection channel  
08:49:56 INFO  : Successfully done setting SDK workspace  
