#-----------------------------------------------------------
# Vivado v2019.1 (64-bit)
# SW Build 2552052 on Fri May 24 14:49:42 MDT 2019
# IP Build 2548770 on Fri May 24 18:01:18 MDT 2019
# Start of session at: Fri Nov 22 08:20:29 2019
# Process ID: 12924
# Current directory: C:/Users/nbnb2/OneDrive/5SemADDpro
# Command line: vivado.exe -gui_launcher_event rodinguilauncherevent13868 C:\Users\nbnb2\OneDrive\5SemADDpro\ZynqDesign.xpr
# Log file: C:/Users/nbnb2/OneDrive/5SemADDpro/vivado.log
# Journal file: C:/Users/nbnb2/OneDrive/5SemADDpro\vivado.jou
#-----------------------------------------------------------
start_gui
open_project C:/Users/nbnb2/OneDrive/ADDPROJEKTZIP/ZynqDesign.xpr
Scanning sources...
Finished scanning sources
INFO: [IP_Flow 19-234] Refreshing IP repositories
INFO: [IP_Flow 19-1700] Loaded user IP repository 'c:/Users/nbnb2/OneDrive/ADDPROJEKTZIP/ip'.
INFO: [IP_Flow 19-1700] Loaded user IP repository 'c:/Users/nbnb2/OneDrive/ADDPROJEKTZIP/ip2'.
INFO: [IP_Flow 19-2313] Loaded Vivado IP repository 'C:/Xilinx/Vivado/2019.1/data/ip'.
WARNING: [IP_Flow 19-1663] Duplicate IP found for 'xilinx.com:user:TOP_Module:1.0'. The one found in IP location 'c:/Users/nbnb2/OneDrive/ADDPROJEKTZIP/ip2/I2Ss' will take precedence over the same IP in locations: 
   c:/Users/nbnb2/OneDrive/ADDPROJEKTZIP/ip2/I2Ss_1
   c:/Users/nbnb2/OneDrive/ADDPROJEKTZIP/ip2/I2Ss_2
open_project: Time (s): cpu = 00:00:20 ; elapsed = 00:00:11 . Memory (MB): peak = 859.547 ; gain = 150.723
update_compile_order -fileset sources_1
open_bd_design {C:/Users/nbnb2/OneDrive/ADDPROJEKTZIP/ZynqDesign.srcs/sources_1/bd/Z_system/Z_system.bd}
Adding component instance block -- xilinx.com:ip:processing_system7:5.5 - processing_system7_0
Adding component instance block -- xilinx.com:ip:axi_interconnect:2.1 - axi_mem_intercon
Adding component instance block -- xilinx.com:ip:axi_protocol_converter:2.1 - auto_pc
Adding component instance block -- xilinx.com:ip:proc_sys_reset:5.0 - rst_ps7_0_50M
Adding component instance block -- xilinx.com:user:IIR_filter:1.0 - IIR_filter_0
Adding component instance block -- xilinx.com:ip:system_ila:1.1 - system_ila_0
Adding component instance block -- xilinx.com:user:R2R_Driver:1.0 - R2R_Driver_0
Adding component instance block -- xilinx.com:ip:clk_wiz:6.0 - clk_wiz_0
Adding component instance block -- xilinx.com:user:TOP_Module:1.0 - TOP_Module_0
WARNING: [BD 41-1731] Type mismatch between connected pins: /clk_wiz_0/clk_out1(clk) and /TOP_Module_0/mclk(undef)
Successfully read diagram <Z_system> from BD file <C:/Users/nbnb2/OneDrive/ADDPROJEKTZIP/ZynqDesign.srcs/sources_1/bd/Z_system/Z_system.bd>
WARNING: [IP_Flow 19-4318] IP-XACT file does not exist: c:/Users/nbnb2/OneDrive/ADDPROJEKTZIP/ip2/I2Ss/component.xml. It will be created.
exit
INFO: [Common 17-206] Exiting Vivado at Fri Nov 22 08:33:31 2019...
